This is pdfTeX, Version 3.141592653-2.6-1.40.25 (MiKTeX 24.1) (preloaded format=pdflatex 2024.9.23)  25 NOV 2024 18:51
entering extended mode
 restricted \write18 enabled.
 %&-line parsing enabled.
**./tesis.tex
(tesis.tex
LaTeX2e <2023-11-01> patch level 1
L3 programming layer <2024-01-04>
(C:\Users\Admin\AppData\Local\Programs\MiKTeX\tex/latex/base\report.cls
Document Class: report 2023/05/17 v1.4n Standard LaTeX document class
(C:\Users\Admin\AppData\Local\Programs\MiKTeX\tex/latex/base\size12.clo
File: size12.clo 2023/05/17 v1.4n Standard LaTeX file (size option)
)
\c@part=\count187
\c@chapter=\count188
\c@section=\count189
\c@subsection=\count190
\c@subsubsection=\count191
\c@paragraph=\count192
\c@subparagraph=\count193
\c@figure=\count194
\c@table=\count195
\abovecaptionskip=\skip48
\belowcaptionskip=\skip49
\bibindent=\dimen140
)
(C:\Users\Admin\AppData\Local\Programs\MiKTeX\tex/latex/psnfss\mathptmx.sty
Package: mathptmx 2020/03/25 PSNFSS-v9.3 Times w/ Math, improved (SPQR, WaS) 
LaTeX Font Info:    Redeclaring symbol font `operators' on input line 28.
LaTeX Font Info:    Overwriting symbol font `operators' in version `normal'
(Font)                  OT1/cmr/m/n --> OT1/ztmcm/m/n on input line 28.
LaTeX Font Info:    Overwriting symbol font `operators' in version `bold'
(Font)                  OT1/cmr/bx/n --> OT1/ztmcm/m/n on input line 28.
LaTeX Font Info:    Redeclaring symbol font `letters' on input line 29.
LaTeX Font Info:    Overwriting symbol font `letters' in version `normal'
(Font)                  OML/cmm/m/it --> OML/ztmcm/m/it on input line 29.
LaTeX Font Info:    Overwriting symbol font `letters' in version `bold'
(Font)                  OML/cmm/b/it --> OML/ztmcm/m/it on input line 29.
LaTeX Font Info:    Redeclaring symbol font `symbols' on input line 30.
LaTeX Font Info:    Overwriting symbol font `symbols' in version `normal'
(Font)                  OMS/cmsy/m/n --> OMS/ztmcm/m/n on input line 30.
LaTeX Font Info:    Overwriting symbol font `symbols' in version `bold'
(Font)                  OMS/cmsy/b/n --> OMS/ztmcm/m/n on input line 30.
LaTeX Font Info:    Redeclaring symbol font `largesymbols' on input line 31.
LaTeX Font Info:    Overwriting symbol font `largesymbols' in version `normal'
(Font)                  OMX/cmex/m/n --> OMX/ztmcm/m/n on input line 31.
LaTeX Font Info:    Overwriting symbol font `largesymbols' in version `bold'
(Font)                  OMX/cmex/m/n --> OMX/ztmcm/m/n on input line 31.
\symbold=\mathgroup4
\symitalic=\mathgroup5
LaTeX Font Info:    Redeclaring math alphabet \mathbf on input line 34.
LaTeX Font Info:    Overwriting math alphabet `\mathbf' in version `normal'
(Font)                  OT1/cmr/bx/n --> OT1/ptm/bx/n on input line 34.
LaTeX Font Info:    Overwriting math alphabet `\mathbf' in version `bold'
(Font)                  OT1/cmr/bx/n --> OT1/ptm/bx/n on input line 34.
LaTeX Font Info:    Redeclaring math alphabet \mathit on input line 35.
LaTeX Font Info:    Overwriting math alphabet `\mathit' in version `normal'
(Font)                  OT1/cmr/m/it --> OT1/ptm/m/it on input line 35.
LaTeX Font Info:    Overwriting math alphabet `\mathit' in version `bold'
(Font)                  OT1/cmr/bx/it --> OT1/ptm/m/it on input line 35.
LaTeX Info: Redefining \hbar on input line 50.
)
(C:\Users\Admin\AppData\Local\Programs\MiKTeX\tex/latex/geometry\geometry.sty
Package: geometry 2020/01/02 v5.9 Page Geometry

(C:\Users\Admin\AppData\Local\Programs\MiKTeX\tex/latex/graphics\keyval.sty
Package: keyval 2022/05/29 v1.15 key=value parser (DPC)
\KV@toks@=\toks17
)
(C:\Users\Admin\AppData\Local\Programs\MiKTeX\tex/generic/iftex\ifvtex.sty
Package: ifvtex 2019/10/25 v1.7 ifvtex legacy package. Use iftex instead.

(C:\Users\Admin\AppData\Local\Programs\MiKTeX\tex/generic/iftex\iftex.sty
Package: iftex 2022/02/03 v1.0f TeX engine tests
))
\Gm@cnth=\count196
\Gm@cntv=\count197
\c@Gm@tempcnt=\count198
\Gm@bindingoffset=\dimen141
\Gm@wd@mp=\dimen142
\Gm@odd@mp=\dimen143
\Gm@even@mp=\dimen144
\Gm@layoutwidth=\dimen145
\Gm@layoutheight=\dimen146
\Gm@layouthoffset=\dimen147
\Gm@layoutvoffset=\dimen148
\Gm@dimlist=\toks18

(C:\Users\Admin\AppData\Local\Programs\MiKTeX\tex/latex/geometry\geometry.cfg))
(C:\Users\Admin\AppData\Local\Programs\MiKTeX\tex/latex/base\inputenc.sty
Package: inputenc 2021/02/14 v1.3d Input encoding file
\inpenc@prehook=\toks19
\inpenc@posthook=\toks20
)
(C:\Users\Admin\AppData\Local\Programs\MiKTeX\tex/latex/csquotes\csquotes.sty
Package: csquotes 2024-04-04 v5.2o context-sensitive quotations (JAW)

(C:\Users\Admin\AppData\Local\Programs\MiKTeX\tex/latex/etoolbox\etoolbox.sty
Package: etoolbox 2020/10/05 v2.5k e-TeX tools for LaTeX (JAW)
\etb@tempcnta=\count199
)
\csq@reset=\count266
\csq@gtype=\count267
\csq@glevel=\count268
\csq@qlevel=\count269
\csq@maxlvl=\count270
\csq@tshold=\count271
\csq@ltx@everypar=\toks21

(C:\Users\Admin\AppData\Local\Programs\MiKTeX\tex/latex/csquotes\csquotes.def
File: csquotes.def 2024-04-04 v5.2o csquotes generic definitions (JAW)
)
Package csquotes Info: Trying to load configuration file 'csquotes.cfg'...
Package csquotes Info: ... configuration file loaded successfully.

(C:\Users\Admin\AppData\Local\Programs\MiKTeX\tex/latex/csquotes\csquotes.cfg
File: csquotes.cfg 
)) (C:\Users\Admin\AppData\Local\Programs\MiKTeX\tex/generic/babel\babel.sty
Package: babel 2024/01/07 v24.1 The Babel package
\babel@savecnt=\count272
\U@D=\dimen149
\l@unhyphenated=\language79

(C:\Users\Admin\AppData\Local\Programs\MiKTeX\tex/generic/babel\txtbabel.def)
\bbl@readstream=\read2
\bbl@dirlevel=\count273

*************************************
* Local config file bblopts.cfg used
*
(C:\Users\Admin\AppData\Local\Programs\MiKTeX\tex/latex/arabi\bblopts.cfg
File: bblopts.cfg 2005/09/08 v0.1 add Arabic and Farsi to "declared" options of
 babel
)
(C:\Users\Admin\AppData\Local\Programs\MiKTeX\tex/latex/babel-spanish\spanish.l
df
Language: spanish.ldf 2021/05/27 v5.0q Spanish support from the babel system
\es@quottoks=\toks22
\es@quotdepth=\count274
Package babel Info: Making " an active character on input line 570.
Package babel Info: Making . an active character on input line 675.
Package babel Info: Making < an active character on input line 722.
Package babel Info: Making > an active character on input line 722.
))
(C:\Users\Admin\AppData\Local\Programs\MiKTeX\tex/generic/babel/locale/es\babel
-spanish.tex
Package babel Info: Importing font and identification data for spanish
(babel)             from babel-es.ini. Reported on input line 11.
)
(C:\Users\Admin\AppData\Local\Programs\MiKTeX\tex/latex/biblatex\biblatex.sty
Package: biblatex 2023/03/05 v3.19 programmable bibliographies (PK/MW)

(C:\Users\Admin\AppData\Local\Programs\MiKTeX\tex/generic/pdftexcmds\pdftexcmds
.sty
Package: pdftexcmds 2020-06-27 v0.33 Utility functions of pdfTeX for LuaTeX (HO
)

(C:\Users\Admin\AppData\Local\Programs\MiKTeX\tex/generic/infwarerr\infwarerr.s
ty
Package: infwarerr 2019/12/03 v1.5 Providing info/warning/error messages (HO)
)
(C:\Users\Admin\AppData\Local\Programs\MiKTeX\tex/generic/ltxcmds\ltxcmds.sty
Package: ltxcmds 2023-12-04 v1.26 LaTeX kernel commands for general use (HO)
)
Package pdftexcmds Info: \pdf@primitive is available.
Package pdftexcmds Info: \pdf@ifprimitive is available.
Package pdftexcmds Info: \pdfdraftmode found.
)
(C:\Users\Admin\AppData\Local\Programs\MiKTeX\tex/latex/kvoptions\kvoptions.sty
Package: kvoptions 2022-06-15 v3.15 Key value format for package options (HO)

(C:\Users\Admin\AppData\Local\Programs\MiKTeX\tex/latex/kvsetkeys\kvsetkeys.sty
Package: kvsetkeys 2022-10-05 v1.19 Key value parser (HO)
)) (C:\Users\Admin\AppData\Local\Programs\MiKTeX\tex/latex/logreq\logreq.sty
Package: logreq 2010/08/04 v1.0 xml request logger
\lrq@indent=\count275

(C:\Users\Admin\AppData\Local\Programs\MiKTeX\tex/latex/logreq\logreq.def
File: logreq.def 2010/08/04 v1.0 logreq spec v1.0
))
(C:\Users\Admin\AppData\Local\Programs\MiKTeX\tex/latex/base\ifthen.sty
Package: ifthen 2022/04/13 v1.1d Standard LaTeX ifthen package (DPC)
)
(C:\Users\Admin\AppData\Local\Programs\MiKTeX\tex/latex/url\url.sty
\Urlmuskip=\muskip16
Package: url 2013/09/16  ver 3.4  Verb mode for urls, etc.
)
\c@tabx@nest=\count276
\c@listtotal=\count277
\c@listcount=\count278
\c@liststart=\count279
\c@liststop=\count280
\c@citecount=\count281
\c@citetotal=\count282
\c@multicitecount=\count283
\c@multicitetotal=\count284
\c@instcount=\count285
\c@maxnames=\count286
\c@minnames=\count287
\c@maxitems=\count288
\c@minitems=\count289
\c@citecounter=\count290
\c@maxcitecounter=\count291
\c@savedcitecounter=\count292
\c@uniquelist=\count293
\c@uniquename=\count294
\c@refsection=\count295
\c@refsegment=\count296
\c@maxextratitle=\count297
\c@maxextratitleyear=\count298
\c@maxextraname=\count299
\c@maxextradate=\count300
\c@maxextraalpha=\count301
\c@abbrvpenalty=\count302
\c@highnamepenalty=\count303
\c@lownamepenalty=\count304
\c@maxparens=\count305
\c@parenlevel=\count306
\blx@tempcnta=\count307
\blx@tempcntb=\count308
\blx@tempcntc=\count309
\c@blx@maxsection=\count310
\blx@maxsegment@0=\count311
\blx@notetype=\count312
\blx@parenlevel@text=\count313
\blx@parenlevel@foot=\count314
\blx@sectionciteorder@0=\count315
\blx@sectionciteorderinternal@0=\count316
\blx@entrysetcounter=\count317
\blx@biblioinstance=\count318
\labelnumberwidth=\skip50
\labelalphawidth=\skip51
\biblabelsep=\skip52
\bibitemsep=\skip53
\bibnamesep=\skip54
\bibinitsep=\skip55
\bibparsep=\skip56
\bibhang=\skip57
\blx@bcfin=\read3
\blx@bcfout=\write3
\blx@langwohyphens=\language80
\c@mincomprange=\count319
\c@maxcomprange=\count320
\c@mincompwidth=\count321
Package biblatex Info: Trying to load biblatex default data model...
Package biblatex Info: ... file 'blx-dm.def' found.

(C:\Users\Admin\AppData\Local\Programs\MiKTeX\tex/latex/biblatex\blx-dm.def
File: blx-dm.def 2023/03/05 v3.19 biblatex localization (PK/MW)
)
Package biblatex Info: Trying to load biblatex style data model...
Package biblatex Info: ... file 'apa.dbx' found.

(C:\Users\Admin\AppData\Local\Programs\MiKTeX\tex/latex/biblatex-apa\apa.dbx
File: apa.dbx 2023/03/20 v9.17 APA biblatex style data model
)
Package biblatex Info: Trying to load biblatex custom data model...
Package biblatex Info: ... file 'biblatex-dm.cfg' not found.
\c@afterword=\count322
\c@savedafterword=\count323
\c@annotator=\count324
\c@savedannotator=\count325
\c@author=\count326
\c@savedauthor=\count327
\c@bookauthor=\count328
\c@savedbookauthor=\count329
\c@commentator=\count330
\c@savedcommentator=\count331
\c@editor=\count332
\c@savededitor=\count333
\c@editora=\count334
\c@savededitora=\count335
\c@editorb=\count336
\c@savededitorb=\count337
\c@editorc=\count338
\c@savededitorc=\count339
\c@foreword=\count340
\c@savedforeword=\count341
\c@holder=\count342
\c@savedholder=\count343
\c@introduction=\count344
\c@savedintroduction=\count345
\c@namea=\count346
\c@savednamea=\count347
\c@nameb=\count348
\c@savednameb=\count349
\c@namec=\count350
\c@savednamec=\count351
\c@translator=\count352
\c@savedtranslator=\count353
\c@shortauthor=\count354
\c@savedshortauthor=\count355
\c@shorteditor=\count356
\c@savedshorteditor=\count357
\c@narrator=\count358
\c@savednarrator=\count359
\c@execproducer=\count360
\c@savedexecproducer=\count361
\c@execdirector=\count362
\c@savedexecdirector=\count363
\c@with=\count364
\c@savedwith=\count365
\c@labelname=\count366
\c@savedlabelname=\count367
\c@institution=\count368
\c@savedinstitution=\count369
\c@lista=\count370
\c@savedlista=\count371
\c@listb=\count372
\c@savedlistb=\count373
\c@listc=\count374
\c@savedlistc=\count375
\c@listd=\count376
\c@savedlistd=\count377
\c@liste=\count378
\c@savedliste=\count379
\c@listf=\count380
\c@savedlistf=\count381
\c@location=\count382
\c@savedlocation=\count383
\c@organization=\count384
\c@savedorganization=\count385
\c@origlocation=\count386
\c@savedoriglocation=\count387
\c@origpublisher=\count388
\c@savedorigpublisher=\count389
\c@publisher=\count390
\c@savedpublisher=\count391
\c@language=\count392
\c@savedlanguage=\count393
\c@origlanguage=\count394
\c@savedoriglanguage=\count395
\c@citation=\count396
\c@savedcitation=\count397
\c@pageref=\count398
\c@savedpageref=\count399
\shorthandwidth=\skip58
\shortjournalwidth=\skip59
\shortserieswidth=\skip60
\shorttitlewidth=\skip61
\shortauthorwidth=\skip62
\shorteditorwidth=\skip63
\locallabelnumberwidth=\skip64
\locallabelalphawidth=\skip65
\localshorthandwidth=\skip66
\localshortjournalwidth=\skip67
\localshortserieswidth=\skip68
\localshorttitlewidth=\skip69
\localshortauthorwidth=\skip70
\localshorteditorwidth=\skip71
Package biblatex Info: Trying to load compatibility code...
Package biblatex Info: ... file 'blx-compat.def' found.

(C:\Users\Admin\AppData\Local\Programs\MiKTeX\tex/latex/biblatex\blx-compat.def
File: blx-compat.def 2023/03/05 v3.19 biblatex compatibility (PK/MW)
)
Package biblatex Info: Trying to load generic definitions...
Package biblatex Info: ... file 'biblatex.def' found.
 (C:\Users\Admin\AppData\Local\Programs\MiKTeX\tex/latex/biblatex\biblatex.def
File: biblatex.def 2023/03/05 v3.19 biblatex compatibility (PK/MW)
\c@textcitecount=\count400
\c@textcitetotal=\count401
\c@textcitemaxnames=\count402
\c@biburlbigbreakpenalty=\count403
\c@biburlbreakpenalty=\count404
\c@biburlnumpenalty=\count405
\c@biburlucpenalty=\count406
\c@biburllcpenalty=\count407
\biburlbigskip=\muskip17
\biburlnumskip=\muskip18
\biburlucskip=\muskip19
\biburllcskip=\muskip20
\c@smartand=\count408
)
Package biblatex Info: Trying to load natbib compatibility...
Package biblatex Info: ... file 'blx-natbib.def' found.

(C:\Users\Admin\AppData\Local\Programs\MiKTeX\tex/latex/biblatex\blx-natbib.def
File: blx-natbib.def 2023/03/05 v3.19 biblatex compatibility (PK/MW)
Package biblatex Info: Delimiter 'nameyeardelim' in context '' already defined,
 overwriting.
)
Package biblatex Info: Trying to load bibliography style 'apa'...
Package biblatex Info: ... file 'apa.bbx' found.
 (C:\Users\Admin\AppData\Local\Programs\MiKTeX\tex/latex/biblatex-apa\apa.bbx
File: apa.bbx 2023/03/20 v9.17 APA biblatex references style
Package biblatex Info: Trying to load bibliography style 'standard'...
Package biblatex Info: ... file 'standard.bbx' found.

(C:\Users\Admin\AppData\Local\Programs\MiKTeX\tex/latex/biblatex/bbx\standard.b
bx
File: standard.bbx 2023/03/05 v3.19 biblatex bibliography style (PK/MW)
\c@bbx:relatedcount=\count409
\c@bbx:relatedtotal=\count410
)
Package biblatex Info: Delimiter 'nameyeardelim' in context 'bib' already defin
ed, overwriting.
Package biblatex Info: Delimiter 'nameyeardelim' in context 'biblist' already d
efined, overwriting.
Package biblatex Info: Delimiter 'nonameyeardelim' in context 'bib' already def
ined, overwriting.
Package biblatex Info: Delimiter 'nonameyeardelim' in context 'biblist' already
 defined, overwriting.
)
Package biblatex Info: Trying to load citation style 'apa'...
Package biblatex Info: ... file 'apa.cbx' found.

(C:\Users\Admin\AppData\Local\Programs\MiKTeX\tex/latex/biblatex-apa\apa.cbx
File: apa.cbx 2023/03/20 v9.17 APA biblatex citation style
Package biblatex Info: Delimiter 'nameyeardelim' in context '' already defined,
 overwriting.
Package biblatex Info: Delimiter 'andothersdelim' in context '' already defined
, overwriting.
Package biblatex Info: Redefining '\fullcite'.
Package biblatex Info: Redefining '\citeauthor'.
Package biblatex Info: Redefining '\citeyear'.
Package biblatex Info: Redefining '\cite'.
Package biblatex Info: Redefining '\cites'.
Package biblatex Info: Redefining '\parencite'.
Package biblatex Info: Redefining '\parencites'.
Package biblatex Info: Redefining '\footcite'.
Package biblatex Info: Redefining '\footcites'.
Package biblatex Info: Redefining '\footcitetext'.
Package biblatex Info: Redefining '\footcitetexts'.
Package biblatex Info: Redefining '\smartcite'.
Package biblatex Info: Redefining '\smartcites'.
Package biblatex Info: Redefining '\textcite'.
Package biblatex Info: Redefining '\textcites'.
)
Package biblatex Info: Trying to load configuration file...
Package biblatex Info: ... file 'biblatex.cfg' found.

(C:\Users\Admin\AppData\Local\Programs\MiKTeX\tex/latex/biblatex\biblatex.cfg
File: biblatex.cfg 
)
Package biblatex Info: Input encoding 'utf8' detected.
Package biblatex Info: Document encoding is UTF8 ....

(C:\Users\Admin\AppData\Local\Programs\MiKTeX\tex/latex/l3kernel\expl3.sty
Package: expl3 2024-01-04 L3 programming layer (loader) 

(C:\Users\Admin\AppData\Local\Programs\MiKTeX\tex/latex/l3backend\l3backend-pdf
tex.def
File: l3backend-pdftex.def 2024-01-04 L3 backend support: PDF output (pdfTeX)
\l__color_backend_stack_int=\count411
\l__pdf_internal_box=\box51
))
Package biblatex Info: ... and expl3
(biblatex)             2024-01-04 L3 programming layer (loader) 
(biblatex)             is new enough (at least 2020/04/06),
(biblatex)             setting 'casechanger=expl3'.

(C:\Users\Admin\AppData\Local\Programs\MiKTeX\tex/latex/biblatex\blx-case-expl3
.sty
(C:\Users\Admin\AppData\Local\Programs\MiKTeX\tex/latex/l3packages/xparse\xpars
e.sty
Package: xparse 2023-10-10 L3 Experimental document command parser
)
Package: blx-case-expl3 2023/03/05 v3.19 expl3 case changing code for biblatex
))
(C:\Users\Admin\AppData\Local\Programs\MiKTeX\tex/latex/hyperref\hyperref.sty
Package: hyperref 2023-11-26 v7.01g Hypertext links for LaTeX

(C:\Users\Admin\AppData\Local\Programs\MiKTeX\tex/generic/kvdefinekeys\kvdefine
keys.sty
Package: kvdefinekeys 2019-12-19 v1.6 Define keys (HO)
)
(C:\Users\Admin\AppData\Local\Programs\MiKTeX\tex/generic/pdfescape\pdfescape.s
ty
Package: pdfescape 2019/12/09 v1.15 Implements pdfTeX's escape features (HO)
) (C:\Users\Admin\AppData\Local\Programs\MiKTeX\tex/latex/hycolor\hycolor.sty
Package: hycolor 2020-01-27 v1.10 Color options for hyperref/bookmark (HO)
)
(C:\Users\Admin\AppData\Local\Programs\MiKTeX\tex/latex/letltxmacro\letltxmacro
.sty
Package: letltxmacro 2019/12/03 v1.6 Let assignment for LaTeX macros (HO)
)
(C:\Users\Admin\AppData\Local\Programs\MiKTeX\tex/latex/auxhook\auxhook.sty
Package: auxhook 2019-12-17 v1.6 Hooks for auxiliary files (HO)
)
(C:\Users\Admin\AppData\Local\Programs\MiKTeX\tex/latex/hyperref\nameref.sty
Package: nameref 2023-11-26 v2.56 Cross-referencing by name of section

(C:\Users\Admin\AppData\Local\Programs\MiKTeX\tex/latex/refcount\refcount.sty
Package: refcount 2019/12/15 v3.6 Data extraction from label references (HO)
)
(C:\Users\Admin\AppData\Local\Programs\MiKTeX\tex/generic/gettitlestring\gettit
lestring.sty
Package: gettitlestring 2019/12/15 v1.6 Cleanup title references (HO)
)
\c@section@level=\count412
)
\@linkdim=\dimen150
\Hy@linkcounter=\count413
\Hy@pagecounter=\count414

(C:\Users\Admin\AppData\Local\Programs\MiKTeX\tex/latex/hyperref\pd1enc.def
File: pd1enc.def 2023-11-26 v7.01g Hyperref: PDFDocEncoding definition (HO)
Now handling font encoding PD1 ...
... no UTF-8 mapping file for font encoding PD1
)
(C:\Users\Admin\AppData\Local\Programs\MiKTeX\tex/generic/intcalc\intcalc.sty
Package: intcalc 2019/12/15 v1.3 Expandable calculations with integers (HO)
)
\Hy@SavedSpaceFactor=\count415

(C:\Users\Admin\AppData\Local\Programs\MiKTeX\tex/latex/hyperref\puenc.def
File: puenc.def 2023-11-26 v7.01g Hyperref: PDF Unicode definition (HO)
Now handling font encoding PU ...
... no UTF-8 mapping file for font encoding PU
)
Package hyperref Info: Option `colorlinks' set `true' on input line 4064.
Package hyperref Info: Option `bookmarks' set `true' on input line 4064.
Package hyperref Info: Hyper figures OFF on input line 4181.
Package hyperref Info: Link nesting OFF on input line 4186.
Package hyperref Info: Hyper index ON on input line 4189.
Package hyperref Info: Plain pages OFF on input line 4196.
Package hyperref Info: Backreferencing OFF on input line 4201.
Package hyperref Info: Implicit mode ON; LaTeX internals redefined.
Package hyperref Info: Bookmarks ON on input line 4448.
\c@Hy@tempcnt=\count416
LaTeX Info: Redefining \url on input line 4786.
\XeTeXLinkMargin=\dimen151

(C:\Users\Admin\AppData\Local\Programs\MiKTeX\tex/generic/bitset\bitset.sty
Package: bitset 2019/12/09 v1.3 Handle bit-vector datatype (HO)

(C:\Users\Admin\AppData\Local\Programs\MiKTeX\tex/generic/bigintcalc\bigintcalc
.sty
Package: bigintcalc 2019/12/15 v1.5 Expandable calculations on big integers (HO
)
))
\Fld@menulength=\count417
\Field@Width=\dimen152
\Fld@charsize=\dimen153
Package hyperref Info: Hyper figures OFF on input line 6065.
Package hyperref Info: Link nesting OFF on input line 6070.
Package hyperref Info: Hyper index ON on input line 6073.
Package hyperref Info: backreferencing OFF on input line 6080.
Package hyperref Info: Link coloring ON on input line 6083.
Package hyperref Info: Link coloring with OCG OFF on input line 6090.
Package hyperref Info: PDF/A mode OFF on input line 6095.

(C:\Users\Admin\AppData\Local\Programs\MiKTeX\tex/latex/base\atbegshi-ltx.sty
Package: atbegshi-ltx 2021/01/10 v1.0c Emulation of the original atbegshi
package with kernel methods
)
\Hy@abspage=\count418
\c@Item=\count419
\c@Hfootnote=\count420
)
Package hyperref Info: Driver (autodetected): hpdftex.
(C:\Users\Admin\AppData\Local\Programs\MiKTeX\tex/latex/hyperref\hpdftex.def
File: hpdftex.def 2023-11-26 v7.01g Hyperref driver for pdfTeX

(C:\Users\Admin\AppData\Local\Programs\MiKTeX\tex/latex/base\atveryend-ltx.sty
Package: atveryend-ltx 2020/08/19 v1.0a Emulation of the original atveryend pac
kage
with kernel methods
)
\Fld@listcount=\count421
\c@bookmark@seq@number=\count422

(C:\Users\Admin\AppData\Local\Programs\MiKTeX\tex/latex/rerunfilecheck\rerunfil
echeck.sty
Package: rerunfilecheck 2022-07-10 v1.10 Rerun checks for auxiliary files (HO)

(C:\Users\Admin\AppData\Local\Programs\MiKTeX\tex/generic/uniquecounter\uniquec
ounter.sty
Package: uniquecounter 2019/12/15 v1.4 Provide unlimited unique counter (HO)
)
Package uniquecounter Info: New unique counter `rerunfilecheck' on input line 2
85.
)
\Hy@SectionHShift=\skip72
)
(C:\Users\Admin\AppData\Local\Programs\MiKTeX\tex/latex/amsfonts\amssymb.sty
Package: amssymb 2013/01/14 v3.01 AMS font symbols

(C:\Users\Admin\AppData\Local\Programs\MiKTeX\tex/latex/amsfonts\amsfonts.sty
Package: amsfonts 2013/01/14 v3.01 Basic AMSFonts support
\@emptytoks=\toks23
\symAMSa=\mathgroup6
\symAMSb=\mathgroup7
LaTeX Font Info:    Overwriting math alphabet `\mathfrak' in version `bold'
(Font)                  U/euf/m/n --> U/euf/b/n on input line 106.
)) (C:\Users\Admin\AppData\Local\Programs\MiKTeX\tex/latex/graphics\graphicx.st
y
Package: graphicx 2021/09/16 v1.2d Enhanced LaTeX Graphics (DPC,SPQR)

(C:\Users\Admin\AppData\Local\Programs\MiKTeX\tex/latex/graphics\graphics.sty
Package: graphics 2022/03/10 v1.4e Standard LaTeX Graphics (DPC,SPQR)

(C:\Users\Admin\AppData\Local\Programs\MiKTeX\tex/latex/graphics\trig.sty
Package: trig 2021/08/11 v1.11 sin cos tan (DPC)
)
(C:\Users\Admin\AppData\Local\Programs\MiKTeX\tex/latex/graphics-cfg\graphics.c
fg
File: graphics.cfg 2016/06/04 v1.11 sample graphics configuration
)
Package graphics Info: Driver file: pdftex.def on input line 107.

(C:\Users\Admin\AppData\Local\Programs\MiKTeX\tex/latex/graphics-def\pdftex.def
File: pdftex.def 2022/09/22 v1.2b Graphics/color driver for pdftex
))
\Gin@req@height=\dimen154
\Gin@req@width=\dimen155
) (C:\Users\Admin\AppData\Local\Programs\MiKTeX\tex/latex/caption\caption.sty
Package: caption 2023/08/05 v3.6o Customizing captions (AR)
(C:\Users\Admin\AppData\Local\Programs\MiKTeX\tex/latex/caption\caption3.sty
Package: caption3 2023/07/31 v2.4d caption3 kernel (AR)
\caption@tempdima=\dimen156
\captionmargin=\dimen157
\caption@leftmargin=\dimen158
\caption@rightmargin=\dimen159
\caption@width=\dimen160
\caption@indent=\dimen161
\caption@parindent=\dimen162
\caption@hangindent=\dimen163
Package caption Info: Standard document class detected.
)
\c@caption@flags=\count423
\c@continuedfloat=\count424
Package caption Info: hyperref package is loaded.
)
(C:\Users\Admin\AppData\Local\Programs\MiKTeX\tex/latex/amsfonts\eucal.sty
Package: eucal 2009/06/22 v3.00 Euler Script fonts
LaTeX Font Info:    Overwriting math alphabet `\EuScript' in version `bold'
(Font)                  U/eus/m/n --> U/eus/b/n on input line 33.
)
(C:\Users\Admin\AppData\Local\Programs\MiKTeX\tex/latex/graphics\color.sty
Package: color 2022/01/06 v1.3d Standard LaTeX Color (DPC)

(C:\Users\Admin\AppData\Local\Programs\MiKTeX\tex/latex/graphics-cfg\color.cfg
File: color.cfg 2016/01/02 v1.6 sample color configuration
)
Package color Info: Driver file: pdftex.def on input line 149.
(C:\Users\Admin\AppData\Local\Programs\MiKTeX\tex/latex/graphics\dvipsnam.def
File: dvipsnam.def 2016/06/17 v3.0m Driver-dependent file (DPC,SPQR)
)
(C:\Users\Admin\AppData\Local\Programs\MiKTeX\tex/latex/graphics\mathcolor.ltx)
) (C:\Users\Admin\AppData\Local\Programs\MiKTeX\tex/latex/footmisc\footmisc.sty
Package: footmisc 2023/07/05 v6.0f a miscellany of footnote facilities
\FN@temptoken=\toks24
\footnotemargin=\dimen164
\@outputbox@depth=\dimen165
(C:\Users\Admin\AppData\Local\Programs\MiKTeX\tex/latex/bigfoot\perpage.sty
Package: perpage 2014/10/25 2.0 Reset/sort counters per page
\c@abspage=\count425
)
\c@pp@a@footnote=\count426
Package footmisc Info: Declaring symbol style bringhurst on input line 696.
Package footmisc Info: Declaring symbol style chicago on input line 704.
Package footmisc Info: Declaring symbol style wiley on input line 713.
Package footmisc Info: Declaring symbol style lamport-robust on input line 724.

Package footmisc Info: Declaring symbol style lamport* on input line 744.
Package footmisc Info: Declaring symbol style lamport*-robust on input line 765
.
)
(C:\Users\Admin\AppData\Local\Programs\MiKTeX\tex/latex/tools\multicol.sty
Package: multicol 2023/03/30 v1.9f multicolumn formatting (FMi)
\c@tracingmulticols=\count427
\mult@box=\box52
\multicol@leftmargin=\dimen166
\c@unbalance=\count428
\c@collectmore=\count429
\doublecol@number=\count430
\multicoltolerance=\count431
\multicolpretolerance=\count432
\full@width=\dimen167
\page@free=\dimen168
\premulticols=\dimen169
\postmulticols=\dimen170
\multicolsep=\skip73
\multicolbaselineskip=\skip74
\partial@page=\box53
\last@line=\box54
\mc@boxedresult=\box55
\maxbalancingoverflow=\dimen171
\mult@rightbox=\box56
\mult@grightbox=\box57
\mult@firstbox=\box58
\mult@gfirstbox=\box59
\@tempa=\box60
\@tempa=\box61
\@tempa=\box62
\@tempa=\box63
\@tempa=\box64
\@tempa=\box65
\@tempa=\box66
\@tempa=\box67
\@tempa=\box68
\@tempa=\box69
\@tempa=\box70
\@tempa=\box71
\@tempa=\box72
\@tempa=\box73
\@tempa=\box74
\@tempa=\box75
\@tempa=\box76
\@tempa=\box77
\@tempa=\box78
\@tempa=\box79
\@tempa=\box80
\@tempa=\box81
\@tempa=\box82
\@tempa=\box83
\@tempa=\box84
\@tempa=\box85
\@tempa=\box86
\@tempa=\box87
\@tempa=\box88
\@tempa=\box89
\@tempa=\box90
\@tempa=\box91
\@tempa=\box92
\@tempa=\box93
\@tempa=\box94
\@tempa=\box95
\c@minrows=\count433
\c@columnbadness=\count434
\c@finalcolumnbadness=\count435
\last@try=\dimen172
\multicolovershoot=\dimen173
\multicolundershoot=\dimen174
\mult@nat@firstbox=\box96
\colbreak@box=\box97
\mc@col@check@num=\count436
)
(C:\Users\Admin\AppData\Local\Programs\MiKTeX\tex/latex/tocbibind\tocbibind.sty
Package: tocbibind 2010/10/13 v1.5k extra ToC listings
Package tocbibind Info: The document has chapter divisions on input line 50.

Package tocbibind Note: Using chapter style headings, unless overridden.

) (C:\Users\Admin\AppData\Local\Programs\MiKTeX\tex/latex/appendix\appendix.sty
Package: appendix 2020/02/08 v1.2c extra appendix facilities
\c@@pps=\count437
\c@@ppsavesec=\count438
\c@@ppsaveapp=\count439
) (C:\Users\Admin\AppData\Local\Programs\MiKTeX\tex/latex/fancyhdr\fancyhdr.sty
Package: fancyhdr 2024/07/23 v4.3.1 Extensive control of page headers and foote
rs
\f@nch@headwidth=\skip75
\f@nch@O@elh=\skip76
\f@nch@O@erh=\skip77
\f@nch@O@olh=\skip78
\f@nch@O@orh=\skip79
\f@nch@O@elf=\skip80
\f@nch@O@erf=\skip81
\f@nch@O@olf=\skip82
\f@nch@O@orf=\skip83
) (C:\Users\Admin\AppData\Local\Programs\MiKTeX\tex/latex/tools\array.sty
Package: array 2023/10/16 v2.5g Tabular extension package (FMi)
\col@sep=\dimen175
\ar@mcellbox=\box98
\extrarowheight=\dimen176
\NC@list=\toks25
\extratabsurround=\skip84
\backup@length=\skip85
\ar@cellbox=\box99
)
(C:\Users\Admin\AppData\Local\Programs\MiKTeX\tex/latex/ragged2e\ragged2e.sty
Package: ragged2e 2023/06/22 v3.6 ragged2e Package
\CenteringLeftskip=\skip86
\RaggedLeftLeftskip=\skip87
\RaggedRightLeftskip=\skip88
\CenteringRightskip=\skip89
\RaggedLeftRightskip=\skip90
\RaggedRightRightskip=\skip91
\CenteringParfillskip=\skip92
\RaggedLeftParfillskip=\skip93
\RaggedRightParfillskip=\skip94
\JustifyingParfillskip=\skip95
\CenteringParindent=\skip96
\RaggedLeftParindent=\skip97
\RaggedRightParindent=\skip98
\JustifyingParindent=\skip99
)
(C:\Users\Admin\AppData\Local\Programs\MiKTeX\tex/latex/multirow\multirow.sty
Package: multirow 2021/03/15 v2.8 Span multiple rows of a table
\multirow@colwidth=\skip100
\multirow@cntb=\count440
\multirow@dima=\skip101
\bigstrutjot=\dimen177
)
(C:\Users\Admin\AppData\Local\Programs\MiKTeX\tex/latex/makecell\makecell.sty
Package: makecell 2009/08/03 V0.1e Managing of Tab Column Heads and Cells
\rotheadsize=\dimen178
\c@nlinenum=\count441
\TeXr@lab=\toks26
)
(C:\Users\Admin\AppData\Local\Programs\MiKTeX\tex/latex/graphics\rotating.sty
Package: rotating 2016/08/11 v2.16d rotated objects in LaTeX
\c@r@tfl@t=\count442
\rotFPtop=\skip102
\rotFPbot=\skip103
\rot@float@box=\box100
\rot@mess@toks=\toks27
)
(C:\Users\Admin\AppData\Local\Programs\MiKTeX\tex/latex/siunitx\siunitx.sty
Package: siunitx 2024-08-20 v3.3.21 A comprehensive (SI) units package
\l__siunitx_number_uncert_offset_int=\count443
\l__siunitx_number_exponent_fixed_int=\count444
\l__siunitx_number_min_decimal_int=\count445
\l__siunitx_number_min_integer_int=\count446
\l__siunitx_number_round_precision_int=\count447
\l__siunitx_number_lower_threshold_int=\count448
\l__siunitx_number_upper_threshold_int=\count449
\l__siunitx_number_group_first_int=\count450
\l__siunitx_number_group_size_int=\count451
\l__siunitx_number_group_minimum_int=\count452
\l__siunitx_angle_tmp_dim=\dimen179
\l__siunitx_angle_marker_box=\box101
\l__siunitx_angle_unit_box=\box102
\l__siunitx_compound_count_int=\count453

(C:\Users\Admin\AppData\Local\Programs\MiKTeX\tex/latex/translations\translatio
ns.sty
Package: translations 2022/02/05 v1.12 internationalization of LaTeX2e packages
 (CN)
)
(C:\Users\Admin\AppData\Local\Programs\MiKTeX\tex/latex/amsmath\amstext.sty
Package: amstext 2021/08/26 v2.01 AMS text

(C:\Users\Admin\AppData\Local\Programs\MiKTeX\tex/latex/amsmath\amsgen.sty
File: amsgen.sty 1999/11/30 v2.0 generic functions
\@emptytoks=\toks28
\ex@=\dimen180
))
\l__siunitx_table_tmp_box=\box103
\l__siunitx_table_tmp_dim=\dimen181
\l__siunitx_table_column_width_dim=\dimen182
\l__siunitx_table_integer_box=\box104
\l__siunitx_table_decimal_box=\box105
\l__siunitx_table_uncert_box=\box106
\l__siunitx_table_before_box=\box107
\l__siunitx_table_after_box=\box108
\l__siunitx_table_before_dim=\dimen183
\l__siunitx_table_carry_dim=\dimen184
\l__siunitx_unit_tmp_int=\count454
\l__siunitx_unit_position_int=\count455
\l__siunitx_unit_total_int=\count456
)
(C:\Users\Admin\AppData\Local\Programs\MiKTeX\tex/latex/xcolor\xcolor.sty
Package: xcolor 2023/11/15 v3.01 LaTeX color extensions (UK)

(C:\Users\Admin\AppData\Local\Programs\MiKTeX\tex/latex/graphics-cfg\color.cfg
File: color.cfg 2016/01/02 v1.6 sample color configuration
)
Package xcolor Info: Driver file: pdftex.def on input line 274.
LaTeX Info: Redefining \color on input line 758.
(C:\Users\Admin\AppData\Local\Programs\MiKTeX\tex/latex/graphics\mathcolor.ltx)
Package xcolor Info: Model `cmy' substituted by `cmy0' on input line 1350.
Package xcolor Info: Model `hsb' substituted by `rgb' on input line 1354.
Package xcolor Info: Model `RGB' extended on input line 1366.
Package xcolor Info: Model `HTML' substituted by `rgb' on input line 1368.
Package xcolor Info: Model `Hsb' substituted by `hsb' on input line 1369.
Package xcolor Info: Model `tHsb' substituted by `hsb' on input line 1370.
Package xcolor Info: Model `HSB' substituted by `hsb' on input line 1371.
Package xcolor Info: Model `Gray' substituted by `gray' on input line 1372.
Package xcolor Info: Model `wave' substituted by `hsb' on input line 1373.
) (C:\Users\Admin\AppData\Local\Programs\MiKTeX\tex/latex/colortbl\colortbl.sty
Package: colortbl 2024/07/06 v1.0i Color table columns (DPC)
\everycr=\toks29
\minrowclearance=\skip104
\rownum=\count457
) (C:\Users\Admin\AppData\Local\Programs\MiKTeX\tex/latex/amsmath\amsmath.sty
Package: amsmath 2023/05/13 v2.17o AMS math features
\@mathmargin=\skip105

For additional information on amsmath, use the `?' option.
(C:\Users\Admin\AppData\Local\Programs\MiKTeX\tex/latex/amsmath\amsbsy.sty
Package: amsbsy 1999/11/29 v1.2d Bold Symbols
\pmbraise@=\dimen185
)
(C:\Users\Admin\AppData\Local\Programs\MiKTeX\tex/latex/amsmath\amsopn.sty
Package: amsopn 2022/04/08 v2.04 operator names
)
\inf@bad=\count458
LaTeX Info: Redefining \frac on input line 234.
\uproot@=\count459
\leftroot@=\count460
LaTeX Info: Redefining \overline on input line 399.
LaTeX Info: Redefining \colon on input line 410.
\classnum@=\count461
\DOTSCASE@=\count462
LaTeX Info: Redefining \ldots on input line 496.
LaTeX Info: Redefining \dots on input line 499.
LaTeX Info: Redefining \cdots on input line 620.
\Mathstrutbox@=\box109
\strutbox@=\box110
LaTeX Info: Redefining \big on input line 722.
LaTeX Info: Redefining \Big on input line 723.
LaTeX Info: Redefining \bigg on input line 724.
LaTeX Info: Redefining \Bigg on input line 725.
\big@size=\dimen186
LaTeX Font Info:    Redeclaring font encoding OML on input line 743.
LaTeX Font Info:    Redeclaring font encoding OMS on input line 744.
\macc@depth=\count463
LaTeX Info: Redefining \bmod on input line 905.
LaTeX Info: Redefining \pmod on input line 910.
LaTeX Info: Redefining \smash on input line 940.
LaTeX Info: Redefining \relbar on input line 970.
LaTeX Info: Redefining \Relbar on input line 971.
\c@MaxMatrixCols=\count464
\dotsspace@=\muskip21
\c@parentequation=\count465
\dspbrk@lvl=\count466
\tag@help=\toks30
\row@=\count467
\column@=\count468
\maxfields@=\count469
\andhelp@=\toks31
\eqnshift@=\dimen187
\alignsep@=\dimen188
\tagshift@=\dimen189
\tagwidth@=\dimen190
\totwidth@=\dimen191
\lineht@=\dimen192
\@envbody=\toks32
\multlinegap=\skip106
\multlinetaggap=\skip107
\mathdisplay@stack=\toks33
LaTeX Info: Redefining \[ on input line 2953.
LaTeX Info: Redefining \] on input line 2954.
)
(C:\Users\Admin\AppData\Local\Programs\MiKTeX\tex/latex/mathtools\mathtools.sty
Package: mathtools 2024/03/11 v1.30 mathematical typesetting tools
(C:\Users\Admin\AppData\Local\Programs\MiKTeX\tex/latex/tools\calc.sty
Package: calc 2023/07/08 v4.3 Infix arithmetic (KKT,FJ)
\calc@Acount=\count470
\calc@Bcount=\count471
\calc@Adimen=\dimen193
\calc@Bdimen=\dimen194
\calc@Askip=\skip108
\calc@Bskip=\skip109
LaTeX Info: Redefining \setlength on input line 80.
LaTeX Info: Redefining \addtolength on input line 81.
\calc@Ccount=\count472
\calc@Cskip=\skip110
)
(C:\Users\Admin\AppData\Local\Programs\MiKTeX\tex/latex/mathtools\mhsetup.sty
Package: mhsetup 2021/03/18 v1.4 programming setup (MH)
)
\g_MT_multlinerow_int=\count473
\l_MT_multwidth_dim=\dimen195
\origjot=\skip111
\l_MT_shortvdotswithinadjustabove_dim=\dimen196
\l_MT_shortvdotswithinadjustbelow_dim=\dimen197
\l_MT_above_intertext_sep=\dimen198
\l_MT_below_intertext_sep=\dimen199
\l_MT_above_shortintertext_sep=\dimen256
\l_MT_below_shortintertext_sep=\dimen257
\xmathstrut@box=\box111
\xmathstrut@dim=\dimen258
) (C:\Users\Admin\AppData\Local\Programs\MiKTeX\tex/latex/ncctools\nccmath.sty
Package: nccmath 2006/01/20 v1.3 Additional Math Commands (NCC)
\NCC@fracrulewidth=\dimen259
)
(C:\Users\Admin\AppData\Local\Programs\MiKTeX\tex/latex/cool\cool.sty
Package: cool 2023/05/03 v1.35 COntent Oriented LaTeX

(C:\Users\Admin\AppData\Local\Programs\MiKTeX\tex/latex/coollist\coollist.sty
Package: coollist 2023/05/03 v1.4 COntent Oriented LaTeX Lists

(C:\Users\Admin\AppData\Local\Programs\MiKTeX\tex/latex/coolstr\coolstr.sty
Package: coolstr 2009/09/09 v2.2 COntent Oriented LaTeX Strings
\c@COOL@strlen=\count474
\c@COOL@strpointer=\count475
\c@COOL@str@index=\count476
\c@COOL@str@start=\count477
\c@COOL@str@end=\count478
)
(C:\Users\Admin\AppData\Local\Programs\MiKTeX\tex/latex/forloop\forloop.sty
Package: forloop 2023/05/03 v3.0 For Loops for LaTeX
)
\c@COOL@listlen=\count479
\c@COOL@listpointer=\count480
\c@COOL@intsum=\count481
\c@COOL@register@ct=\count482
\c@COOL@register@len=\count483
)
(C:\Users\Admin\AppData\Local\Programs\MiKTeX\tex/latex/bbm\bbm.sty
Package: bbm 1999/03/15 V 1.2 provides fonts for set symbols - TH
LaTeX Font Info:    Overwriting math alphabet `\mathbbm' in version `bold'
(Font)                  U/bbm/m/n --> U/bbm/bx/n on input line 33.
LaTeX Font Info:    Overwriting math alphabet `\mathbbmss' in version `bold'
(Font)                  U/bbmss/m/n --> U/bbmss/bx/n on input line 35.
)
\c@COOL@ct=\count484
\c@COOL@ct@=\count485
\c@COOL@multideriv=\count486
\c@COOL@row=\count487
\c@COOL@col=\count488
)
Package csquotes Info: Checking for multilingual support...
Package csquotes Info: ... found 'babel' package.
Package csquotes Info: Adjusting default style.
Package csquotes Info: Redefining alias 'default' -> 'spanish'.
LaTeX Font Info:    Trying to load font information for OT1+ptm on input line 1
42.

(C:\Users\Admin\AppData\Local\Programs\MiKTeX\tex/latex/psnfss\ot1ptm.fd
File: ot1ptm.fd 2001/06/04 font definitions for OT1/ptm.
)

LaTeX Warning: Unused global option(s):
    [times].

(tesis.aux
LaTeX Info: Redefining \. on input line 12.
LaTeX Info: Redefining \% on input line 12.
 (0/resumen.aux) (0/abstract.aux) (0/dedicacion.aux)
(0/agradecimientos.aux) (1/planteamiento.aux) (2/marco.aux) (3/metodologia.aux)
(4/desarrollo.aux) (5/resultados.aux) (6/conclusion.aux) (anexos/anexo.aux))
\openout1 = `tesis.aux'.

LaTeX Font Info:    Checking defaults for OML/cmm/m/it on input line 142.
LaTeX Font Info:    ... okay on input line 142.
LaTeX Font Info:    Checking defaults for OMS/cmsy/m/n on input line 142.
LaTeX Font Info:    ... okay on input line 142.
LaTeX Font Info:    Checking defaults for OT1/cmr/m/n on input line 142.
LaTeX Font Info:    ... okay on input line 142.
LaTeX Font Info:    Checking defaults for T1/cmr/m/n on input line 142.
LaTeX Font Info:    ... okay on input line 142.
LaTeX Font Info:    Checking defaults for TS1/cmr/m/n on input line 142.
LaTeX Font Info:    ... okay on input line 142.
LaTeX Font Info:    Checking defaults for OMX/cmex/m/n on input line 142.
LaTeX Font Info:    ... okay on input line 142.
LaTeX Font Info:    Checking defaults for U/cmr/m/n on input line 142.
LaTeX Font Info:    ... okay on input line 142.
LaTeX Font Info:    Checking defaults for PD1/pdf/m/n on input line 142.
LaTeX Font Info:    ... okay on input line 142.
LaTeX Font Info:    Checking defaults for PU/pdf/m/n on input line 142.
LaTeX Font Info:    ... okay on input line 142.

*geometry* driver: auto-detecting
*geometry* detected driver: pdftex
*geometry* verbose mode - [ preamble ] result:
* driver: pdftex
* paper: a4paper
* layout: <same size as paper>
* layoutoffset:(h,v)=(0.0pt,0.0pt)
* modes: 
* h-part:(L,W,R)=(72.2698pt, 452.96826pt, 72.2698pt)
* v-part:(T,H,B)=(72.2698pt, 700.50723pt, 72.2698pt)
* \paperwidth=597.50787pt
* \paperheight=845.04684pt
* \textwidth=452.96826pt
* \textheight=700.50723pt
* \oddsidemargin=-0.00018pt
* \evensidemargin=-0.00018pt
* \topmargin=-37.00018pt
* \headheight=12.0pt
* \headsep=25.0pt
* \topskip=12.0pt
* \footskip=30.0pt
* \marginparwidth=44.0pt
* \marginparsep=10.0pt
* \columnsep=20.0pt
* \skip\footins=10.8pt plus 4.0pt minus 2.0pt
* \hoffset=0.0pt
* \voffset=0.0pt
* \mag=1000
* \@twocolumnfalse
* \@twosidefalse
* \@mparswitchfalse
* \@reversemarginfalse
* (1in=72.27pt=25.4mm, 1cm=28.453pt)

LaTeX Info: Redefining \. on input line 142.
LaTeX Info: Redefining \% on input line 142.
Package biblatex Info: Trying to load language 'spanish' -> 'spanish-apa'...
Package biblatex Info: ... file 'spanish-apa.lbx' found.

(C:\Users\Admin\AppData\Local\Programs\MiKTeX\tex/latex/biblatex-apa\spanish-ap
a.lbx
File: spanish-apa.lbx 2023/03/20 v9.17 APA biblatex localisation
Package biblatex Info: Trying to load language 'spanish'...
Package biblatex Info: ... file 'spanish.lbx' found.

(C:\Users\Admin\AppData\Local\Programs\MiKTeX\tex/latex/biblatex/lbx\spanish.lb
x
File: spanish.lbx 2023/03/05 v3.19 biblatex localization (PK/MW)
)
Package biblatex Info: Trying to load language 'spanish'...
Package biblatex Info: ... file 'spanish.lbx' found.

(C:\Users\Admin\AppData\Local\Programs\MiKTeX\tex/latex/biblatex/lbx\spanish.lb
x
File: spanish.lbx 2023/03/05 v3.19 biblatex localization (PK/MW)
))
Package biblatex Info: Input encoding 'utf8' detected.
Package biblatex Info: Automatic encoding selection.
(biblatex)             Assuming data encoding 'utf8'.
\openout3 = `tesis.bcf'.

Package biblatex Info: Trying to load bibliographic data...
Package biblatex Info: ... file 'tesis.bbl' found.
 (tesis.bbl)
Package biblatex Info: Reference section=0 on input line 142.
Package biblatex Info: Reference segment=0 on input line 142.
Package hyperref Info: Link coloring ON on input line 142.
 (tesis.out) (tesis.out)
\@outlinefile=\write4
\openout4 = `tesis.out'.


(C:\Users\Admin\AppData\Local\Programs\MiKTeX\tex/context/base/mkii\supp-pdf.mk
ii
[Loading MPS to PDF converter (version 2006.09.02).]
\scratchcounter=\count489
\scratchdimen=\dimen260
\scratchbox=\box112
\nofMPsegments=\count490
\nofMParguments=\count491
\everyMPshowfont=\toks34
\MPscratchCnt=\count492
\MPscratchDim=\dimen261
\MPnumerator=\count493
\makeMPintoPDFobject=\count494
\everyMPtoPDFconversion=\toks35
)
(C:\Users\Admin\AppData\Local\Programs\MiKTeX\tex/latex/epstopdf-pkg\epstopdf-b
ase.sty
Package: epstopdf-base 2020-01-24 v2.11 Base part for package epstopdf
Package epstopdf-base Info: Redefining graphics rule for `.eps' on input line 4
85.

(C:\Users\Admin\AppData\Local\Programs\MiKTeX\tex/latex/00miktex\epstopdf-sys.c
fg
File: epstopdf-sys.cfg 2021/03/18 v2.0 Configuration of epstopdf for MiKTeX
))
Package caption Info: Begin \AtBeginDocument code.
Package caption Info: rotating package is loaded.
Package caption Info: End \AtBeginDocument code.

(C:\Users\Admin\AppData\Local\Programs\MiKTeX\tex/latex/translations/dicts\tran
slations-basic-dictionary-spanish.trsl
File: translations-basic-dictionary-spanish.trsl (spanish translation file `tra
nslations-basic-dictionary')
)
Package translations Info: loading dictionary `translations-basic-dictionary' f
or `spanish'. on input line 142.
<images_repo/esanlogomin.png, id=571, 100.6962pt x 100.2144pt>
File: images_repo/esanlogomin.png Graphic file (type png)
<use images_repo/esanlogomin.png>
Package pdftex.def Info: images_repo/esanlogomin.png  used on input line 148.
(pdftex.def)             Requested size: 203.83434pt x 202.87491pt.
 [1

{C:/Users/Admin/AppData/Local/MiKTeX/fonts/map/pdftex/pdftex.map}{C:/Users/Admi
n/AppData/Local/Programs/MiKTeX/fonts/enc/dvips/base/8r.enc} <./images_repo/esa
nlogomin.png>]
\openout2 = `0/resumen.aux'.

 (0/resumen.tex)
pdfTeX warning (ext4): destination with the same identifier (name{page.1}) has 
been already used, duplicate ignored
<to be read again> 
                   \relax 
l.170 \include{0/resumen}
                          [1

]
\openout2 = `0/abstract.aux'.

 (0/abstract.tex) [2



]
\openout2 = `0/dedicacion.aux'.

 (0/dedicacion.tex) [3



]
\openout2 = `0/agradecimientos.aux'.


(0/agradecimientos.tex) [4



] (tesis.toc
LaTeX Info: Redefining \sptext on input line 1.
LaTeX Info: Redefining \. on input line 1.
LaTeX Info: Redefining \% on input line 1.
LaTeX Font Info:    Trying to load font information for OT1+ztmcm on input line
 5.

(C:\Users\Admin\AppData\Local\Programs\MiKTeX\tex/latex/psnfss\ot1ztmcm.fd
File: ot1ztmcm.fd 2000/01/03 Fontinst v1.801 font definitions for OT1/ztmcm.
)
LaTeX Font Info:    Trying to load font information for OML+ztmcm on input line
 5.

(C:\Users\Admin\AppData\Local\Programs\MiKTeX\tex/latex/psnfss\omlztmcm.fd
File: omlztmcm.fd 2000/01/03 Fontinst v1.801 font definitions for OML/ztmcm.
)
LaTeX Font Info:    Trying to load font information for OMS+ztmcm on input line
 5.

(C:\Users\Admin\AppData\Local\Programs\MiKTeX\tex/latex/psnfss\omsztmcm.fd
File: omsztmcm.fd 2000/01/03 Fontinst v1.801 font definitions for OMS/ztmcm.
)
LaTeX Font Info:    Trying to load font information for OMX+ztmcm on input line
 5.

(C:\Users\Admin\AppData\Local\Programs\MiKTeX\tex/latex/psnfss\omxztmcm.fd
File: omxztmcm.fd 2000/01/03 Fontinst v1.801 font definitions for OMX/ztmcm.
)
LaTeX Font Info:    Font shape `OT1/ptm/bx/n' in size <12> not available
(Font)              Font shape `OT1/ptm/b/n' tried instead on input line 5.
LaTeX Font Info:    Font shape `OT1/ptm/bx/n' in size <9> not available
(Font)              Font shape `OT1/ptm/b/n' tried instead on input line 5.
LaTeX Font Info:    Font shape `OT1/ptm/bx/n' in size <7> not available
(Font)              Font shape `OT1/ptm/b/n' tried instead on input line 5.

[5



]

LaTeX Warning: Citation 'bisogni2024acoustic' on page 6 undefined on input line
 26.


LaTeX Warning: Citation 'oh2023' on page 6 undefined on input line 32.


LaTeX Warning: Citation 'malinka2024comprehensive' on page 6 undefined on input
 line 38.


LaTeX Warning: Citation 'li2023' on page 6 undefined on input line 44.


LaTeX Warning: Citation 'pr_dehghani2018copper' on page 6 undefined on input li
ne 50.


LaTeX Warning: Citation 'al_adwan2024cnn_rnn_pso' on page 6 undefined on input 
line 56.


Overfull \hbox (16.37148pt too wide) in paragraph at lines 56--56
 \OT1/ptm/m/n/12 Par-ti-cle Swarm Op-ti-mi-za-tion (PSO) Al-go-rithm ([])[][] [
][]  
 []


LaTeX Warning: Citation 'sunkari2024spectro_temporal' on page 6 undefined on in
put line 62.


LaTeX Warning: Citation 'saha2024greenai' on page 6 undefined on input line 68.



LaTeX Warning: Citation 'xie2024fakesound' on page 6 undefined on input line 74
.


LaTeX Warning: Citation 'astrid2024augmentation' on page 6 undefined on input l
ine 80.


Overfull \hbox (54.74864pt too wide) in paragraph at lines 80--80
 [][] [][][]\OT1/ptm/m/n/12 Targeted Aug-men-ted Da-ta for Au-dio Deep-fa-ke De
-tec-tion ([])[][] [][]  
 []

LaTeX Info: Redefining \sptext on input line 91.
LaTeX Info: Redefining \. on input line 91.
LaTeX Info: Redefining \% on input line 91.
[6]
LaTeX Info: Redefining \sptext on input line 139.
LaTeX Info: Redefining \. on input line 139.
LaTeX Info: Redefining \% on input line 139.
 [7])
\tf@toc=\write5
\openout5 = `tesis.toc'.

LaTeX Info: Redefining \. on input line 188.
LaTeX Info: Redefining \% on input line 188.
 [8] (tesis.lof
LaTeX Info: Redefining \sptext on input line 1.
LaTeX Info: Redefining \. on input line 1.
LaTeX Info: Redefining \% on input line 1.
)
\tf@lof=\write6
\openout6 = `tesis.lof'.

 [9

] (tesis.lot
LaTeX Info: Redefining \sptext on input line 1.
LaTeX Info: Redefining \. on input line 1.
LaTeX Info: Redefining \% on input line 1.
)
\tf@lot=\write7
\openout7 = `tesis.lot'.

 [10

]
\openout2 = `1/planteamiento.aux'.

 (1/planteamiento.tex
Cap\'{\i }tulo 1.

LaTeX Warning: Citation 'heidari2023' on page 11 undefined on input line 4.


LaTeX Warning: Citation 'rojas2023' on page 11 undefined on input line 6.


LaTeX Warning: Citation 'heidari2023' on page 11 undefined on input line 8.

[11


]

LaTeX Warning: Citation 'amesquita2023' on page 12 undefined on input line 10.


LaTeX Warning: Citation 'chen2024' on page 12 undefined on input line 12.


LaTeX Warning: Citation 'chen2024' on page 12 undefined on input line 14.


LaTeX Warning: Citation 'amesquita2023' on page 12 undefined on input line 16.

LaTeX Info: Redefining \. on input line 19.
LaTeX Info: Redefining \% on input line 19.
[12]
LaTeX Info: Redefining \. on input line 48.
LaTeX Info: Redefining \% on input line 48.
 [13]

LaTeX Warning: Citation 'heidari2023' on page 14 undefined on input line 73.

LaTeX Info: Redefining \. on input line 74.
LaTeX Info: Redefining \% on input line 74.
[14]

LaTeX Warning: Citation 'rojas2023' on page 15 undefined on input line 76.


LaTeX Warning: Citation 'heidari2023' on page 15 undefined on input line 80.

LaTeX Info: Redefining \. on input line 81.
LaTeX Info: Redefining \% on input line 81.
[15]

LaTeX Warning: Citation 'ji2024' on page 16 undefined on input line 82.


LaTeX Warning: Citation 'rojas2023' on page 16 undefined on input line 84.

LaTeX Info: Redefining \. on input line 93.
LaTeX Info: Redefining \% on input line 93.
[16]
LaTeX Info: Redefining \. on input line 117.
LaTeX Info: Redefining \% on input line 117.
 [17])
LaTeX Info: Redefining \. on input line 194.
LaTeX Info: Redefining \% on input line 194.
 [18]
\openout2 = `2/marco.aux'.

 (2/marco.tex
Cap\'{\i }tulo 2.
(2/1_antecedentes/antecedentes.tex

LaTeX Warning: Citation 'bisogni2024acoustic' on page 19 undefined on input lin
e 4.


Overfull \hbox (11.45587pt too wide) in paragraph at lines 4--4
[]\OT1/ptm/b/n/14.4 Acoustic Fea-tu-res Analy-sis for Ex-plai-na-ble Ma-chi-ne 
Learning-Based
 []


Package hyperref Warning: Token not allowed in a PDF string (Unicode):
(hyperref)                removing `\citep' on input line 4.

[19




]

LaTeX Warning: Citation 'oh2023' on page 20 undefined on input line 22.


Package hyperref Warning: Token not allowed in a PDF string (Unicode):
(hyperref)                removing `\citep' on input line 22.

LaTeX Info: Redefining \. on input line 27.
LaTeX Info: Redefining \% on input line 27.
[20]
LaTeX Info: Redefining \. on input line 39.
LaTeX Info: Redefining \% on input line 39.
 [21]

LaTeX Warning: Citation 'malinka2024comprehensive' on page 22 undefined on inpu
t line 40.


Overfull \hbox (19.9232pt too wide) in paragraph at lines 40--40
[]\OT1/ptm/b/n/14.4 Comprehensive Mul-ti-pa-ra-me-tric Analy-sis of Hu-man Deep
-fa-ke Speech
 []


Package hyperref Warning: Token not allowed in a PDF string (Unicode):
(hyperref)                removing `\citep' on input line 40.

LaTeX Info: Redefining \. on input line 54.
LaTeX Info: Redefining \% on input line 54.
[22]

LaTeX Warning: Citation 'li2023' on page 23 undefined on input line 58.


Package hyperref Warning: Token not allowed in a PDF string (Unicode):
(hyperref)                removing `\citep' on input line 58.

LaTeX Info: Redefining \. on input line 69.
LaTeX Info: Redefining \% on input line 69.
[23]

LaTeX Warning: Citation 'pr_dehghani2018copper' on page 24 undefined on input l
ine 76.


Package hyperref Warning: Token not allowed in a PDF string (Unicode):
(hyperref)                removing `\citep' on input line 76.


Package hyperref Warning: Token not allowed in a PDF string (Unicode):
(hyperref)                removing `subscript' on input line 76.

LaTeX Info: Redefining \. on input line 88.
LaTeX Info: Redefining \% on input line 88.
[24]

LaTeX Warning: Citation 'al_adwan2024cnn_rnn_pso' on page 25 undefined on input
 line 94.


Overfull \hbox (78.45834pt too wide) in paragraph at lines 94--94
\OT1/ptm/b/n/14.4 and Par-ti-cle Swarm Op-ti-mi-za-tion (PSO) Al-go-rithm ([]) 

 []


Package hyperref Warning: Token not allowed in a PDF string (Unicode):
(hyperref)                removing `\citep' on input line 94.


Package hyperref Warning: Token not allowed in a PDF string (Unicode):
(hyperref)                removing `subscript' on input line 94.


Package hyperref Warning: Token not allowed in a PDF string (Unicode):
(hyperref)                removing `subscript' on input line 94.


Package hyperref Warning: Token not allowed in a PDF string (Unicode):
(hyperref)                removing `subscript' on input line 94.

LaTeX Info: Redefining \. on input line 105.
LaTeX Info: Redefining \% on input line 105.
[25]

LaTeX Warning: Citation 'sunkari2024spectro_temporal' on page 26 undefined on i
nput line 112.


Overfull \hbox (2.96031pt too wide) in paragraph at lines 112--112
[]\OT1/ptm/b/n/14.4 Efficient Deep-fa-ke Au-dio De-tec-tion Using Spectro-Tempo
ral Analy-
 []


Package hyperref Warning: Token not allowed in a PDF string (Unicode):
(hyperref)                removing `\citep' on input line 112.


Package hyperref Warning: Token not allowed in a PDF string (Unicode):
(hyperref)                removing `subscript' on input line 112.

LaTeX Info: Redefining \. on input line 123.
LaTeX Info: Redefining \% on input line 123.
[26]

LaTeX Warning: Citation 'saha2024greenai' on page 27 undefined on input line 13
0.


Overfull \hbox (11.19656pt too wide) in paragraph at lines 130--130
[]\OT1/ptm/b/n/14.4 Exploring Green AI for Au-dio Deep-fa-ke De-tec-tion ([]) 
 []


Package hyperref Warning: Token not allowed in a PDF string (Unicode):
(hyperref)                removing `\citep' on input line 130.

LaTeX Info: Redefining \. on input line 141.
LaTeX Info: Redefining \% on input line 141.
[27]

LaTeX Warning: Citation 'xie2024fakesound' on page 28 undefined on input line 1
48.


Overfull \hbox (2.7903pt too wide) in paragraph at lines 148--148
[]\OT1/ptm/b/n/14.4 FakeSound: Deep-fa-ke Ge-ne-ral Au-dio De-tec-tion ([]) 
 []


Package hyperref Warning: Token not allowed in a PDF string (Unicode):
(hyperref)                removing `\citep' on input line 148.

LaTeX Info: Redefining \. on input line 159.
LaTeX Info: Redefining \% on input line 159.
[28]

LaTeX Warning: Citation 'astrid2024augmentation' on page 29 undefined on input 
line 166.


Overfull \hbox (104.6961pt too wide) in paragraph at lines 166--166
[]\OT1/ptm/b/n/14.4 Targeted Aug-men-ted Da-ta for Au-dio Deep-fa-ke De-tec-tio
n ([]) 
 []


Package hyperref Warning: Token not allowed in a PDF string (Unicode):
(hyperref)                removing `\citep' on input line 166.

LaTeX Info: Redefining \. on input line 177.
LaTeX Info: Redefining \% on input line 177.
[29]) (2/2_teoria/base_teo.tex
LaTeX Info: Redefining \. on input line 5.
LaTeX Info: Redefining \% on input line 5.
 [30]
LaTeX Info: Redefining \. on input line 16.
LaTeX Info: Redefining \% on input line 16.
 [31])
LaTeX Info: Redefining \. on input line 7.
LaTeX Info: Redefining \% on input line 7.
 [32]
(2/3_conceptos/marc_conceptual.tex
Overfull \hbox (21.53572pt too wide) in paragraph at lines 6--6
[]\OT1/ptm/b/n/14.4 Procesamiento de Len-gua-je Na-tu-ral (PLN) y Pro-ce-sa-mie
n-to de Se[]nales
 []

LaTeX Info: Redefining \. on input line 8.
LaTeX Info: Redefining \% on input line 8.
[33]
LaTeX Info: Redefining \. on input line 19.
LaTeX Info: Redefining \% on input line 19.
 [34]
LaTeX Info: Redefining \. on input line 34.
LaTeX Info: Redefining \% on input line 34.
 [35]))
LaTeX Info: Redefining \. on input line 195.
LaTeX Info: Redefining \% on input line 195.
 [36]
\openout2 = `3/metodologia.aux'.

 (3/metodologia.tex
Cap\'{\i }tulo 3.
[37




]
LaTeX Info: Redefining \. on input line 21.
LaTeX Info: Redefining \% on input line 21.
 [38]
LaTeX Info: Redefining \. on input line 43.
LaTeX Info: Redefining \% on input line 43.
 [39]
LaTeX Info: Redefining \. on input line 71.
LaTeX Info: Redefining \% on input line 71.
 [40]
LaTeX Info: Redefining \. on input line 106.
LaTeX Info: Redefining \% on input line 106.
 [41]
LaTeX Info: Redefining \. on input line 133.
LaTeX Info: Redefining \% on input line 133.
 [42]
LaTeX Info: Redefining \. on input line 151.
LaTeX Info: Redefining \% on input line 151.
 [43]
LaTeX Info: Redefining \. on input line 166.
LaTeX Info: Redefining \% on input line 166.
 [44]
LaTeX Info: Redefining \. on input line 186.
LaTeX Info: Redefining \% on input line 186.
 [45]
LaTeX Info: Redefining \. on input line 212.
LaTeX Info: Redefining \% on input line 212.
 [46])
LaTeX Info: Redefining \. on input line 196.
LaTeX Info: Redefining \% on input line 196.
 [47]
\openout2 = `4/desarrollo.aux'.


No file 4/desarrollo.tex.
\openout2 = `5/resultados.aux'.

No file 5/resultados.tex.
\openout2 = `6/conclusion.aux'.

No file 6/conclusion.tex.
[48













]
\openout2 = `anexos/anexo.aux'.

 (anexos/anexo.tex
Anexos A.
LaTeX Font Info:    Font shape `OT1/ptm/bx/n' in size <10.95> not available
(Font)              Font shape `OT1/ptm/b/n' tried instead on input line 7.
LaTeX Font Info:    Font shape `OT1/ptm/bx/n' in size <8> not available
(Font)              Font shape `OT1/ptm/b/n' tried instead on input line 7.
LaTeX Font Info:    Font shape `OT1/ptm/bx/n' in size <6> not available
(Font)              Font shape `OT1/ptm/b/n' tried instead on input line 7.

Underfull \hbox (badness 1253) in paragraph at lines 15--16
[]|\OT1/ptm/m/n/10.95 El uso de un mo-de-lo ba-sa-do
 []


Underfull \hbox (badness 1596) in paragraph at lines 20--20
\OT1/ptm/m/n/10.95 des neu-ro-na-les pro-fun-das que
 []


Underfull \hbox (badness 1033) in paragraph at lines 20--21
[]|\OT1/ptm/m/n/10.95 La crea-ci[]on de un da-ta-set en
 []


Underfull \hbox (badness 2245) in paragraph at lines 20--21
\OT1/ptm/m/n/10.95 es-pa[]nol que in-clu-ya va-ria-cio-
 []


Underfull \hbox (badness 1629) in paragraph at lines 22--22
\OT1/ptm/m/n/10.95 de-tec-tar las va-ria-cio-nes en el
 []


Underfull \hbox (badness 1546) in paragraph at lines 24--25
[]|\OT1/ptm/m/n/10.95 El mo-de-lo de re-des neu-ro-na-
 []


Overfull \hbox (11.42305pt too wide) in paragraph at lines 7--27
 [][] 
 []


LaTeX Warning: Float too large for page by 196.69452pt on input line 29.


LaTeX Warning: `!h' float specifier changed to `!ht'.

[49


]
LaTeX Info: Redefining \. on input line 33.
LaTeX Info: Redefining \% on input line 33.
 [50]
Anexos B.
LaTeX Font Info:    Font shape `OT1/ptm/bx/n' in size <10> not available
(Font)              Font shape `OT1/ptm/b/n' tried instead on input line 41.
LaTeX Font Info:    Font shape `OT1/ptm/bx/n' in size <7.4> not available
(Font)              Font shape `OT1/ptm/b/n' tried instead on input line 41.
LaTeX Font Info:    Trying to load font information for TS1+ptm on input line 4
3.
(C:\Users\Admin\AppData\Local\Programs\MiKTeX\tex/latex/psnfss\ts1ptm.fd
File: ts1ptm.fd 2001/06/04 font definitions for TS1/ptm.
)
Overfull \hbox (1.37367pt too wide) in paragraph at lines 45--45
[]|[]| 
 []


Underfull \hbox (badness 10000) in paragraph at lines 45--45
[]|\OT1/ptm/m/n/10 Copper pri-ce es-ti-ma-tion
 []


Underfull \hbox (badness 10000) in paragraph at lines 45--45
[]|\OT1/ptm/m/n/10 Dehghani
 []


Overfull \hbox (2.92818pt too wide) in paragraph at lines 45--45
[]|\OT1/ptm/m/n/10 2018| 
 []


Underfull \hbox (badness 10000) in paragraph at lines 45--45
[]|\OT1/ptm/m/n/10 United
 []


Underfull \hbox (badness 3471) in paragraph at lines 47--47
[]|\OT1/ptm/m/n/10 Alternative tech-ni-ques for
 []


Underfull \hbox (badness 10000) in paragraph at lines 47--47
[]|\OT1/ptm/m/n/10 Cortez, Say-
 []


Overfull \hbox (2.92818pt too wide) in paragraph at lines 47--47
[]|\OT1/ptm/m/n/10 2018| 
 []


Underfull \hbox (badness 5592) in paragraph at lines 47--48
\OT1/ptm/m/n/10 of Mi-ning Scien-ce
 []


Overfull \hbox (1.37367pt too wide) in paragraph at lines 49--50
[]|[]| 
 []


Underfull \hbox (badness 1596) in paragraph at lines 51--51
[]|\OT1/ptm/m/n/10 Trastour, Ge-
 []


Overfull \hbox (2.92818pt too wide) in paragraph at lines 51--51
[]|\OT1/ptm/m/n/10 2016| 
 []


Underfull \hbox (badness 1648) in paragraph at lines 51--52
[]|\OT1/ptm/m/n/10 Standfort Uni-ver-sity
 []


Underfull \hbox (badness 10000) in paragraph at lines 53--53
[]|\OT1/ptm/m/n/10 Stock Pri-ce Pre-dic-tion
 []


Overfull \hbox (2.92818pt too wide) in paragraph at lines 53--53
[]|\OT1/ptm/m/n/10 2018| 
 []


Underfull \hbox (badness 3460) in paragraph at lines 55--56
[]|\OT1/ptm/m/n/10 Deep Lear-ning for Stock
 []


Underfull \hbox (badness 10000) in paragraph at lines 56--56
[]|\OT1/ptm/m/n/10 Akita, R.,
 []


Underfull \hbox (badness 10000) in paragraph at lines 56--56
\OT1/ptm/m/n/10 Yoshiha-ra,
 []


Underfull \hbox (badness 2538) in paragraph at lines 56--56
\OT1/ptm/m/n/10 A., Matsu-ba-
 []


Overfull \hbox (2.92818pt too wide) in paragraph at lines 56--56
[]|\OT1/ptm/m/n/10 2016| 
 []


Underfull \hbox (badness 10000) in paragraph at lines 56--58
[]|\OT1/ptm/m/n/10 2016 IEEE/ACIS
 []


Underfull \hbox (badness 10000) in paragraph at lines 56--58
\OT1/ptm/m/n/10 15th In-ter-na-tio-
 []


Underfull \hbox (badness 6461) in paragraph at lines 56--58
\OT1/ptm/m/n/10 nal Con-fe-ren-ce on
 []


Underfull \hbox (badness 10000) in paragraph at lines 56--58
\OT1/ptm/m/n/10 Com-pu-ter and In-
 []


Underfull \hbox (badness 10000) in paragraph at lines 56--58
\OT1/ptm/m/n/10 for-ma-tion Scien-ce
 []


Overfull \hbox (1.37367pt too wide) in paragraph at lines 59--59
[]|[]| 
 []


Underfull \hbox (badness 10000) in paragraph at lines 59--60
[]|\OT1/ptm/m/n/10 Stock Pri-ces Pre-dic-tion
 []


Underfull \hbox (badness 3713) in paragraph at lines 59--60
\OT1/ptm/m/n/10 per Ar-ti-cles with Ko-rean
 []


Underfull \hbox (badness 3068) in paragraph at lines 59--60
\OT1/ptm/m/n/10 Na-tu-ral Lan-gua-ge Pro-ces-
 []


Underfull \hbox (badness 10000) in paragraph at lines 60--60
[]|\OT1/ptm/m/n/10 Yun, Sim,
 []


Overfull \hbox (2.92818pt too wide) in paragraph at lines 60--60
[]|\OT1/ptm/m/n/10 2019| 
 []


Underfull \hbox (badness 10000) in paragraph at lines 60--62
[]|\OT1/ptm/m/n/10 2019 In-ter-na-tio-nal
 []


Underfull \hbox (badness 4391) in paragraph at lines 60--62
\OT1/ptm/m/n/10 Con-fe-ren-ce on Ar-
 []


Underfull \hbox (badness 10000) in paragraph at lines 60--62
\OT1/ptm/m/n/10 ti-fi-cial In-te-lli-gen-ce
 []


Underfull \hbox (badness 4120) in paragraph at lines 60--62
\OT1/ptm/m/n/10 in In-for-ma-tion and
 []


Underfull \hbox (badness 10000) in paragraph at lines 60--62
\OT1/ptm/m/n/10 Com-mu-ni-ca-tion
 []


Underfull \hbox (badness 3068) in paragraph at lines 63--64
[]|\OT1/ptm/m/n/10 A Method of Op-ti-mi-zing
 []


Underfull \hbox (badness 10000) in paragraph at lines 64--64
[]|\OT1/ptm/m/n/10 Jingrui, Z.,
 []


Underfull \hbox (badness 10000) in paragraph at lines 64--64
\OT1/ptm/m/n/10 Qin-glin, W.,
 []


Overfull \hbox (2.92818pt too wide) in paragraph at lines 64--64
[]|\OT1/ptm/m/n/10 2017| 
 []


Underfull \hbox (badness 10000) in paragraph at lines 64--66
[]|\OT1/ptm/m/n/10 2017 32nd Youth
 []


Underfull \hbox (badness 10000) in paragraph at lines 64--66
\OT1/ptm/m/n/10 Aca-de-mic An-nual
 []


Underfull \hbox (badness 2005) in paragraph at lines 64--66
\OT1/ptm/m/n/10 Con-fe-ren-ce of Chi-
 []


Underfull \hbox (badness 1286) in paragraph at lines 64--66
\OT1/ptm/m/n/10 ne-se As-so-cia-tion of
 []


Underfull \hbox (badness 10000) in paragraph at lines 67--68
[]|\OT1/ptm/m/n/10 Qualitative Stock Mar-ket
 []


Underfull \hbox (badness 7558) in paragraph at lines 67--68
\OT1/ptm/m/n/10 Pre-dic-ting with Com-mon
 []


Underfull \hbox (badness 5345) in paragraph at lines 67--68
\OT1/ptm/m/n/10 Know-led-ge Ba-sed Na-tu-re
 []


Underfull \hbox (badness 10000) in paragraph at lines 67--68
\OT1/ptm/m/n/10 Lan-gua-ge Pro-ces-sing: A
 []


Underfull \hbox (badness 10000) in paragraph at lines 68--68
[]|\OT1/ptm/m/n/10 Rao, D.,
 []


Underfull \hbox (badness 10000) in paragraph at lines 68--68
\OT1/ptm/m/n/10 Deng, F.,
 []


Underfull \hbox (badness 10000) in paragraph at lines 68--68
\OT1/ptm/m/n/10 Jiang, Z.,
 []


Overfull \hbox (2.92818pt too wide) in paragraph at lines 68--68
[]|\OT1/ptm/m/n/10 2015| 
 []


Underfull \hbox (badness 6461) in paragraph at lines 68--70
\OT1/ptm/m/n/10 nal Con-fe-ren-ce on
 []


Underfull \hbox (badness 10000) in paragraph at lines 68--70
\OT1/ptm/m/n/10 In-te-lli-gent Human-
 []


Underfull \hbox (badness 10000) in paragraph at lines 68--70
\OT1/ptm/m/n/10 Machine Sys-tems
 []


Underfull \hbox (badness 1708) in paragraph at lines 71--71
\OT1/ptm/m/n/10 for Do-cu-ment Re-pre-sen-ta-
 []


Underfull \hbox (badness 10000) in paragraph at lines 71--71
[]|\OT1/ptm/m/n/10 Zhao, R.,
 []


Overfull \hbox (2.92818pt too wide) in paragraph at lines 71--71
[]|\OT1/ptm/m/n/10 2018| 
 []


Underfull \hbox (badness 10000) in paragraph at lines 71--73
[]|\OT1/ptm/m/n/10 IEEE Transac-tions
 []


Underfull \hbox (badness 7362) in paragraph at lines 71--73
\OT1/ptm/m/n/10 on Fuzzy Sys-tems
 []


LaTeX Warning: `h' float specifier changed to `ht'.

) [51

]
LaTeX Info: Redefining \. on input line 208.
LaTeX Info: Redefining \% on input line 208.
 [52]

LaTeX Warning: Empty bibliography on input line 213.

(tesis.aux
LaTeX Info: Redefining \sptext on input line 12.
LaTeX Info: Redefining \. on input line 12.
LaTeX Info: Redefining \% on input line 12.
 (0/resumen.aux) (0/abstract.aux) (0/dedicacion.aux)
(0/agradecimientos.aux) (1/planteamiento.aux) (2/marco.aux) (3/metodologia.aux)
(4/desarrollo.aux) (5/resultados.aux) (6/conclusion.aux) (anexos/anexo.aux))
 ***********
LaTeX2e <2023-11-01> patch level 1
L3 programming layer <2024-01-04>
 ***********


LaTeX Warning: There were undefined references.

Package rerunfilecheck Info: File `tesis.out' has not changed.
(rerunfilecheck)             Checksum: 9E808D5B87FEA7A217CB41A65993BC39;34341.

Package biblatex Warning: Please (re)run Biber on the file:
(biblatex)                tesis
(biblatex)                and rerun LaTeX afterwards.

Package logreq Info: Writing requests to 'tesis.run.xml'.
\openout1 = `tesis.run.xml'.

 ) 
Here is how much of TeX's memory you used:
 29295 strings out of 474486
 570256 string characters out of 5743755
 1954542 words of memory out of 5000000
 50919 multiletter control sequences out of 15000+600000
 601486 words of font info for 126 fonts, out of 8000000 for 9000
 1141 hyphenation exceptions out of 8191
 66i,32n,84p,1383b,3497s stack positions out of 10000i,1000n,20000p,200000b,200000s
<C:/Users/Admin/AppData/Local/Programs/MiKTeX/fonts/type1/public/amsfonts/cm/
cmsy10.pfb><C:/Users/Admin/AppData/Local/Programs/MiKTeX/fonts/type1/urw/times/
utmb8a.pfb><C:/Users/Admin/AppData/Local/Programs/MiKTeX/fonts/type1/urw/times/
utmr8a.pfb>
Output written on tesis.pdf (53 pages, 284121 bytes).
PDF statistics:
 943 PDF objects out of 1000 (max. 8388607)
 199 named destinations out of 1000 (max. 500000)
 1142 words of extra memory for PDF output out of 10000 (max. 10000000)

