\BOOKMARK [0][-]{chapter*.2}{\376\377\000\315\000n\000d\000i\000c\000e\000\040\000d\000e\000\040\000F\000i\000g\000u\000r\000a\000s}{}% 1
\BOOKMARK [0][-]{chapter*.3}{\376\377\000\315\000n\000d\000i\000c\000e\000\040\000d\000e\000\040\000T\000a\000b\000l\000a\000s}{}% 2
\BOOKMARK [0][-]{chapter.1}{\376\377\000P\000L\000A\000N\000T\000E\000A\000M\000I\000E\000N\000T\000O\000\040\000D\000E\000L\000\040\000P\000R\000O\000B\000L\000E\000M\000A}{}% 3
\BOOKMARK [1][-]{section.1.1}{\376\377\000D\000e\000s\000c\000r\000i\000p\000c\000i\000\363\000n\000\040\000d\000e\000\040\000l\000a\000\040\000R\000e\000a\000l\000i\000d\000a\000d\000\040\000P\000r\000o\000b\000l\000e\000m\000\341\000t\000i\000c\000a}{chapter.1}% 4
\BOOKMARK [1][-]{section.1.2}{\376\377\000F\000o\000r\000m\000u\000l\000a\000c\000i\000\363\000n\000\040\000d\000e\000l\000\040\000P\000r\000o\000b\000l\000e\000m\000a}{chapter.1}% 5
\BOOKMARK [2][-]{subsection.1.2.1}{\376\377\000P\000r\000o\000b\000l\000e\000m\000a\000\040\000G\000e\000n\000e\000r\000a\000l}{section.1.2}% 6
\BOOKMARK [2][-]{subsection.1.2.2}{\376\377\000P\000r\000o\000b\000l\000e\000m\000a\000s\000\040\000E\000s\000p\000e\000c\000\355\000f\000i\000c\000o\000s}{section.1.2}% 7
\BOOKMARK [1][-]{section.1.3}{\376\377\000O\000b\000j\000e\000t\000i\000v\000o\000s\000\040\000d\000e\000\040\000l\000a\000\040\000I\000n\000v\000e\000s\000t\000i\000g\000a\000c\000i\000\363\000n}{chapter.1}% 8
\BOOKMARK [2][-]{subsection.1.3.1}{\376\377\000O\000b\000j\000e\000t\000i\000v\000o\000\040\000G\000e\000n\000e\000r\000a\000l}{section.1.3}% 9
\BOOKMARK [2][-]{subsection.1.3.2}{\376\377\000O\000b\000j\000e\000t\000i\000v\000o\000s\000\040\000E\000s\000p\000e\000c\000\355\000f\000i\000c\000o\000s}{section.1.3}% 10
\BOOKMARK [1][-]{section.1.4}{\376\377\000J\000u\000s\000t\000i\000f\000i\000c\000a\000c\000i\000\363\000n\000\040\000d\000e\000\040\000l\000a\000\040\000I\000n\000v\000e\000s\000t\000i\000g\000a\000c\000i\000\363\000n}{chapter.1}% 11
\BOOKMARK [2][-]{subsection.1.4.1}{\376\377\000T\000e\000\363\000r\000i\000c\000a}{section.1.4}% 12
\BOOKMARK [2][-]{subsection.1.4.2}{\376\377\000P\000r\000\341\000c\000t\000i\000c\000a}{section.1.4}% 13
\BOOKMARK [2][-]{subsection.1.4.3}{\376\377\000M\000e\000t\000o\000d\000o\000l\000\363\000g\000i\000c\000a}{section.1.4}% 14
\BOOKMARK [1][-]{section.1.5}{\376\377\000D\000e\000l\000i\000m\000i\000t\000a\000c\000i\000\363\000n\000\040\000d\000e\000l\000\040\000E\000s\000t\000u\000d\000i\000o}{chapter.1}% 15
\BOOKMARK [2][-]{subsection.1.5.1}{\376\377\000E\000s\000p\000a\000c\000i\000a\000l}{section.1.5}% 16
\BOOKMARK [2][-]{subsection.1.5.2}{\376\377\000T\000e\000m\000p\000o\000r\000a\000l}{section.1.5}% 17
\BOOKMARK [2][-]{subsection.1.5.3}{\376\377\000C\000o\000n\000c\000e\000p\000t\000u\000a\000l}{section.1.5}% 18
\BOOKMARK [1][-]{section.1.6}{\376\377\000H\000i\000p\000\363\000t\000e\000s\000i\000s}{chapter.1}% 19
\BOOKMARK [2][-]{subsection.1.6.1}{\376\377\000H\000i\000p\000\363\000t\000e\000s\000i\000s\000\040\000G\000e\000n\000e\000r\000a\000l}{section.1.6}% 20
\BOOKMARK [2][-]{subsection.1.6.2}{\376\377\000H\000i\000p\000\363\000t\000e\000s\000i\000s\000\040\000E\000s\000p\000e\000c\000\355\000f\000i\000c\000a\000s}{section.1.6}% 21
\BOOKMARK [2][-]{subsection.1.6.3}{\376\377\000M\000a\000t\000r\000i\000z\000\040\000d\000e\000\040\000C\000o\000n\000s\000i\000s\000t\000e\000n\000c\000i\000a}{section.1.6}% 22
\BOOKMARK [0][-]{chapter.2}{\376\377\000M\000A\000R\000C\000O\000\040\000T\000E\000\323\000R\000I\000C\000O}{}% 23
\BOOKMARK [1][-]{section.2.1}{\376\377\000A\000n\000t\000e\000c\000e\000d\000e\000n\000t\000e\000s\000\040\000d\000e\000\040\000l\000a\000\040\000i\000n\000v\000e\000s\000t\000i\000g\000a\000c\000i\000\363\000n}{chapter.2}% 24
\BOOKMARK [2][-]{subsection.2.1.1}{\376\377\000A\000c\000o\000u\000s\000t\000i\000c\000\040\000F\000e\000a\000t\000u\000r\000e\000s\000\040\000A\000n\000a\000l\000y\000s\000i\000s\000\040\000f\000o\000r\000\040\000E\000x\000p\000l\000a\000i\000n\000a\000b\000l\000e\000\040\000M\000a\000c\000h\000i\000n\000e\000\040\000L\000e\000a\000r\000n\000i\000n\000g\000-\000B\000a\000s\000e\000d\000\040\000A\000u\000d\000i\000o\000\040\000S\000p\000o\000o\000f\000i\000n\000g\000\040\000D\000e\000t\000e\000c\000t\000i\000o\000n\000\040\000*\000b\000i\000s\000o\000g\000n\000i\0002\0000\0002\0004\000a\000c\000o\000u\000s\000t\000i\000c}{section.2.1}% 25
\BOOKMARK [3][-]{subsubsection.2.1.1.1}{\376\377\000P\000l\000a\000n\000t\000e\000a\000m\000i\000e\000n\000t\000o\000\040\000d\000e\000l\000\040\000P\000r\000o\000b\000l\000e\000m\000a\000\040\000y\000\040\000o\000b\000j\000e\000t\000i\000v\000o\000\040}{subsection.2.1.1}% 26
\BOOKMARK [3][-]{subsubsection.2.1.1.2}{\376\377\000T\000\351\000c\000n\000i\000c\000a\000s\000\040\000e\000m\000p\000l\000e\000a\000d\000a\000s\000\040\000p\000o\000r\000\040\000l\000o\000s\000\040\000a\000u\000t\000o\000r\000e\000s}{subsection.2.1.1}% 27
\BOOKMARK [3][-]{subsubsection.2.1.1.3}{\376\377\000M\000e\000t\000o\000d\000o\000l\000o\000g\000\355\000a\000\040\000e\000m\000p\000l\000e\000a\000d\000a\000\040\000p\000o\000r\000\040\000l\000o\000s\000\040\000a\000u\000t\000o\000r\000e\000s}{subsection.2.1.1}% 28
\BOOKMARK [3][-]{subsubsection.2.1.1.4}{\376\377\000B\000a\000s\000e\000\040\000d\000e\000\040\000d\000a\000t\000o\000s}{subsection.2.1.1}% 29
\BOOKMARK [3][-]{subsubsection.2.1.1.5}{\376\377\000R\000e\000s\000u\000l\000t\000a\000d\000o\000s\000\040\000o\000b\000t\000e\000n\000i\000d\000o\000s}{subsection.2.1.1}% 30
\BOOKMARK [2][-]{subsection.2.1.2}{\376\377\000B\000e\000y\000o\000n\000d\000\040\000t\000h\000e\000\040\000I\000l\000l\000u\000s\000i\000o\000n\000:\000\040\000E\000n\000s\000e\000m\000b\000l\000e\000\040\000L\000e\000a\000r\000n\000i\000n\000g\000\040\000f\000o\000r\000\040\000E\000f\000f\000e\000c\000t\000i\000v\000e\000\040\000V\000o\000i\000c\000e\000\040\000D\000e\000e\000p\000f\000a\000k\000e\000\040\000D\000e\000t\000e\000c\000t\000i\000o\000n\000\040\000*\000o\000h\0002\0000\0002\0003}{section.2.1}% 31
\BOOKMARK [3][-]{subsubsection.2.1.2.1}{\376\377\000P\000l\000a\000n\000t\000e\000a\000m\000i\000e\000n\000t\000o\000\040\000d\000e\000l\000\040\000P\000r\000o\000b\000l\000e\000m\000a\000\040\000y\000\040\000o\000b\000j\000e\000t\000i\000v\000o\000\040}{subsection.2.1.2}% 32
\BOOKMARK [3][-]{subsubsection.2.1.2.2}{\376\377\000T\000\351\000c\000n\000i\000c\000a\000s\000\040\000e\000m\000p\000l\000e\000a\000d\000a\000s\000\040\000p\000o\000r\000\040\000l\000o\000s\000\040\000a\000u\000t\000o\000r\000e\000s}{subsection.2.1.2}% 33
\BOOKMARK [3][-]{subsubsection.2.1.2.3}{\376\377\000M\000e\000t\000o\000d\000o\000l\000o\000g\000\355\000a\000\040\000e\000m\000p\000l\000e\000a\000d\000a\000\040\000p\000o\000r\000\040\000l\000o\000s\000\040\000a\000u\000t\000o\000r\000e\000s}{subsection.2.1.2}% 34
\BOOKMARK [3][-]{subsubsection.2.1.2.4}{\376\377\000B\000a\000s\000e\000\040\000d\000e\000\040\000d\000a\000t\000o\000s}{subsection.2.1.2}% 35
\BOOKMARK [3][-]{subsubsection.2.1.2.5}{\376\377\000R\000e\000s\000u\000l\000t\000a\000d\000o\000s\000\040\000o\000b\000t\000e\000n\000i\000d\000o\000s}{subsection.2.1.2}% 36
\BOOKMARK [2][-]{subsection.2.1.3}{\376\377\000C\000o\000m\000p\000r\000e\000h\000e\000n\000s\000i\000v\000e\000\040\000M\000u\000l\000t\000i\000p\000a\000r\000a\000m\000e\000t\000r\000i\000c\000\040\000A\000n\000a\000l\000y\000s\000i\000s\000\040\000o\000f\000\040\000H\000u\000m\000a\000n\000\040\000D\000e\000e\000p\000f\000a\000k\000e\000\040\000S\000p\000e\000e\000c\000h\000\040\000R\000e\000c\000o\000g\000n\000i\000t\000i\000o\000n\000\040\000*\000m\000a\000l\000i\000n\000k\000a\0002\0000\0002\0004\000c\000o\000m\000p\000r\000e\000h\000e\000n\000s\000i\000v\000e}{section.2.1}% 37
\BOOKMARK [3][-]{subsubsection.2.1.3.1}{\376\377\000P\000l\000a\000n\000t\000e\000a\000m\000i\000e\000n\000t\000o\000\040\000d\000e\000l\000\040\000P\000r\000o\000b\000l\000e\000m\000a\000\040\000y\000\040\000o\000b\000j\000e\000t\000i\000v\000o\000\040}{subsection.2.1.3}% 38
\BOOKMARK [3][-]{subsubsection.2.1.3.2}{\376\377\000T\000\351\000c\000n\000i\000c\000a\000s\000\040\000e\000m\000p\000l\000e\000a\000d\000a\000s\000\040\000p\000o\000r\000\040\000l\000o\000s\000\040\000a\000u\000t\000o\000r\000e\000s}{subsection.2.1.3}% 39
\BOOKMARK [3][-]{subsubsection.2.1.3.3}{\376\377\000M\000e\000t\000o\000d\000o\000l\000o\000g\000\355\000a\000\040\000e\000m\000p\000l\000e\000a\000d\000a\000\040\000p\000o\000r\000\040\000l\000o\000s\000\040\000a\000u\000t\000o\000r\000e\000s}{subsection.2.1.3}% 40
\BOOKMARK [3][-]{subsubsection.2.1.3.4}{\376\377\000B\000a\000s\000e\000\040\000d\000e\000\040\000d\000a\000t\000o\000s}{subsection.2.1.3}% 41
\BOOKMARK [3][-]{subsubsection.2.1.3.5}{\376\377\000R\000e\000s\000u\000l\000t\000a\000d\000o\000s\000\040\000o\000b\000t\000e\000n\000i\000d\000o\000s}{subsection.2.1.3}% 42
\BOOKMARK [2][-]{subsection.2.1.4}{\376\377\000D\000e\000e\000p\000f\000a\000k\000e\000\040\000A\000u\000d\000i\000o\000\040\000D\000e\000t\000e\000c\000t\000i\000o\000n\000\040\000U\000s\000i\000n\000g\000\040\000S\000p\000e\000c\000t\000r\000o\000g\000r\000a\000m\000-\000b\000a\000s\000e\000d\000\040\000F\000e\000a\000t\000u\000r\000e\000\040\000a\000n\000d\000\040\000E\000n\000s\000e\000m\000b\000l\000e\000\040\000o\000f\000\040\000D\000e\000e\000p\000\040\000L\000e\000a\000r\000n\000i\000n\000g\000\040\000M\000o\000d\000e\000l\000s\000\040\000*\000l\000i\0002\0000\0002\0003}{section.2.1}% 43
\BOOKMARK [3][-]{subsubsection.2.1.4.1}{\376\377\000P\000l\000a\000n\000t\000e\000a\000m\000i\000e\000n\000t\000o\000\040\000d\000e\000l\000\040\000P\000r\000o\000b\000l\000e\000m\000a\000\040\000y\000\040\000o\000b\000j\000e\000t\000i\000v\000o\000\040}{subsection.2.1.4}% 44
\BOOKMARK [3][-]{subsubsection.2.1.4.2}{\376\377\000T\000\351\000c\000n\000i\000c\000a\000s\000\040\000e\000m\000p\000l\000e\000a\000d\000a\000s\000\040\000p\000o\000r\000\040\000l\000o\000s\000\040\000a\000u\000t\000o\000r\000e\000s}{subsection.2.1.4}% 45
\BOOKMARK [3][-]{subsubsection.2.1.4.3}{\376\377\000M\000e\000t\000o\000d\000o\000l\000o\000g\000\355\000a\000\040\000e\000m\000p\000l\000e\000a\000d\000a\000\040\000p\000o\000r\000\040\000l\000o\000s\000\040\000a\000u\000t\000o\000r\000e\000s}{subsection.2.1.4}% 46
\BOOKMARK [3][-]{subsubsection.2.1.4.4}{\376\377\000B\000a\000s\000e\000\040\000d\000e\000\040\000d\000a\000t\000o\000s}{subsection.2.1.4}% 47
\BOOKMARK [3][-]{subsubsection.2.1.4.5}{\376\377\000R\000e\000s\000u\000l\000t\000a\000d\000o\000s\000\040\000o\000b\000t\000e\000n\000i\000d\000o\000s}{subsection.2.1.4}% 48
\BOOKMARK [2][-]{subsection.2.1.5}{\376\377\000D\000e\000e\000p\000f\000a\000k\000e\000\040\000A\000u\000d\000i\000o\000\040\000D\000e\000t\000e\000c\000t\000i\000o\000n\000\040\000U\000s\000i\000n\000g\000\040\000S\000p\000e\000c\000t\000r\000o\000g\000r\000a\000m\000-\000b\000a\000s\000e\000d\000\040\000F\000e\000a\000t\000u\000r\000e\000\040\000a\000n\000d\000\040\000E\000n\000s\000e\000m\000b\000l\000e\000\040\000o\000f\000\040\000D\000e\000e\000p\000\040\000L\000e\000a\000r\000n\000i\000n\000g\000\040\000M\000o\000d\000e\000l\000s\000\040\000*\000p\000r\000d\000e\000h\000g\000h\000a\000n\000i\0002\0000\0001\0008\000c\000o\000p\000p\000e\000r}{section.2.1}% 49
\BOOKMARK [3][-]{subsubsection.2.1.5.1}{\376\377\000P\000l\000a\000n\000t\000e\000a\000m\000i\000e\000n\000t\000o\000\040\000d\000e\000l\000\040\000P\000r\000o\000b\000l\000e\000m\000a\000\040\000y\000\040\000o\000b\000j\000e\000t\000i\000v\000o\000\040}{subsection.2.1.5}% 50
\BOOKMARK [3][-]{subsubsection.2.1.5.2}{\376\377\000T\000\351\000c\000n\000i\000c\000a\000s\000\040\000e\000m\000p\000l\000e\000a\000d\000a\000s\000\040\000p\000o\000r\000\040\000l\000o\000s\000\040\000a\000u\000t\000o\000r\000e\000s}{subsection.2.1.5}% 51
\BOOKMARK [3][-]{subsubsection.2.1.5.3}{\376\377\000M\000e\000t\000o\000d\000o\000l\000o\000g\000\355\000a\000\040\000e\000m\000p\000l\000e\000a\000d\000a\000\040\000p\000o\000r\000\040\000l\000o\000s\000\040\000a\000u\000t\000o\000r\000e\000s}{subsection.2.1.5}% 52
\BOOKMARK [3][-]{subsubsection.2.1.5.4}{\376\377\000B\000a\000s\000e\000\040\000d\000e\000\040\000d\000a\000t\000o\000s}{subsection.2.1.5}% 53
\BOOKMARK [3][-]{subsubsection.2.1.5.5}{\376\377\000R\000e\000s\000u\000l\000t\000a\000d\000o\000s\000\040\000o\000b\000t\000e\000n\000i\000d\000o\000s}{subsection.2.1.5}% 54
\BOOKMARK [2][-]{subsection.2.1.6}{\376\377\000D\000e\000t\000e\000c\000t\000i\000o\000n\000\040\000o\000f\000\040\000D\000e\000e\000p\000f\000a\000k\000e\000\040\000M\000e\000d\000i\000a\000\040\000U\000s\000i\000n\000g\000\040\000a\000\040\000H\000y\000b\000r\000i\000d\000\040\000C\000N\000N\000-\000R\000N\000N\000\040\000M\000o\000d\000e\000l\000\040\000a\000n\000d\000\040\000P\000a\000r\000t\000i\000c\000l\000e\000\040\000S\000w\000a\000r\000m\000\040\000O\000p\000t\000i\000m\000i\000z\000a\000t\000i\000o\000n\000\040\000\050\000P\000S\000O\000\051\000\040\000A\000l\000g\000o\000r\000i\000t\000h\000m\000\040\000*\000a\000l\000a\000d\000w\000a\000n\0002\0000\0002\0004\000c\000n\000n\000r\000n\000n\000p\000s\000o}{section.2.1}% 55
\BOOKMARK [3][-]{subsubsection.2.1.6.1}{\376\377\000P\000l\000a\000n\000t\000e\000a\000m\000i\000e\000n\000t\000o\000\040\000d\000e\000l\000\040\000P\000r\000o\000b\000l\000e\000m\000a\000\040\000y\000\040\000o\000b\000j\000e\000t\000i\000v\000o\000\040}{subsection.2.1.6}% 56
\BOOKMARK [3][-]{subsubsection.2.1.6.2}{\376\377\000T\000\351\000c\000n\000i\000c\000a\000s\000\040\000e\000m\000p\000l\000e\000a\000d\000a\000s\000\040\000p\000o\000r\000\040\000l\000o\000s\000\040\000a\000u\000t\000o\000r\000e\000s}{subsection.2.1.6}% 57
\BOOKMARK [3][-]{subsubsection.2.1.6.3}{\376\377\000M\000e\000t\000o\000d\000o\000l\000o\000g\000\355\000a\000\040\000e\000m\000p\000l\000e\000a\000d\000a\000\040\000p\000o\000r\000\040\000l\000o\000s\000\040\000a\000u\000t\000o\000r\000e\000s}{subsection.2.1.6}% 58
\BOOKMARK [3][-]{subsubsection.2.1.6.4}{\376\377\000B\000a\000s\000e\000\040\000d\000e\000\040\000d\000a\000t\000o\000s}{subsection.2.1.6}% 59
\BOOKMARK [3][-]{subsubsection.2.1.6.5}{\376\377\000R\000e\000s\000u\000l\000t\000a\000d\000o\000s\000\040\000o\000b\000t\000e\000n\000i\000d\000o\000s}{subsection.2.1.6}% 60
\BOOKMARK [2][-]{subsection.2.1.7}{\376\377\000E\000f\000f\000i\000c\000i\000e\000n\000t\000\040\000D\000e\000e\000p\000f\000a\000k\000e\000\040\000A\000u\000d\000i\000o\000\040\000D\000e\000t\000e\000c\000t\000i\000o\000n\000\040\000U\000s\000i\000n\000g\000\040\000S\000p\000e\000c\000t\000r\000o\000-\000T\000e\000m\000p\000o\000r\000a\000l\000\040\000A\000n\000a\000l\000y\000s\000i\000s\000\040\000a\000n\000d\000\040\000D\000e\000e\000p\000\040\000L\000e\000a\000r\000n\000i\000n\000g\000\040\000*\000s\000u\000n\000k\000a\000r\000i\0002\0000\0002\0004\000s\000p\000e\000c\000t\000r\000o\000t\000e\000m\000p\000o\000r\000a\000l}{section.2.1}% 61
\BOOKMARK [3][-]{subsubsection.2.1.7.1}{\376\377\000P\000l\000a\000n\000t\000e\000a\000m\000i\000e\000n\000t\000o\000\040\000d\000e\000l\000\040\000P\000r\000o\000b\000l\000e\000m\000a\000\040\000y\000\040\000o\000b\000j\000e\000t\000i\000v\000o\000\040}{subsection.2.1.7}% 62
\BOOKMARK [3][-]{subsubsection.2.1.7.2}{\376\377\000T\000\351\000c\000n\000i\000c\000a\000s\000\040\000e\000m\000p\000l\000e\000a\000d\000a\000s\000\040\000p\000o\000r\000\040\000l\000o\000s\000\040\000a\000u\000t\000o\000r\000e\000s}{subsection.2.1.7}% 63
\BOOKMARK [3][-]{subsubsection.2.1.7.3}{\376\377\000M\000e\000t\000o\000d\000o\000l\000o\000g\000\355\000a\000\040\000e\000m\000p\000l\000e\000a\000d\000a\000\040\000p\000o\000r\000\040\000l\000o\000s\000\040\000a\000u\000t\000o\000r\000e\000s}{subsection.2.1.7}% 64
\BOOKMARK [3][-]{subsubsection.2.1.7.4}{\376\377\000B\000a\000s\000e\000\040\000d\000e\000\040\000d\000a\000t\000o\000s}{subsection.2.1.7}% 65
\BOOKMARK [3][-]{subsubsection.2.1.7.5}{\376\377\000R\000e\000s\000u\000l\000t\000a\000d\000o\000s\000\040\000o\000b\000t\000e\000n\000i\000d\000o\000s}{subsection.2.1.7}% 66
\BOOKMARK [2][-]{subsection.2.1.8}{\376\377\000E\000x\000p\000l\000o\000r\000i\000n\000g\000\040\000G\000r\000e\000e\000n\000\040\000A\000I\000\040\000f\000o\000r\000\040\000A\000u\000d\000i\000o\000\040\000D\000e\000e\000p\000f\000a\000k\000e\000\040\000D\000e\000t\000e\000c\000t\000i\000o\000n\000\040\000*\000s\000a\000h\000a\0002\0000\0002\0004\000g\000r\000e\000e\000n\000a\000i}{section.2.1}% 67
\BOOKMARK [3][-]{subsubsection.2.1.8.1}{\376\377\000P\000l\000a\000n\000t\000e\000a\000m\000i\000e\000n\000t\000o\000\040\000d\000e\000l\000\040\000P\000r\000o\000b\000l\000e\000m\000a\000\040\000y\000\040\000o\000b\000j\000e\000t\000i\000v\000o\000\040}{subsection.2.1.8}% 68
\BOOKMARK [3][-]{subsubsection.2.1.8.2}{\376\377\000T\000\351\000c\000n\000i\000c\000a\000s\000\040\000e\000m\000p\000l\000e\000a\000d\000a\000s\000\040\000p\000o\000r\000\040\000l\000o\000s\000\040\000a\000u\000t\000o\000r\000e\000s}{subsection.2.1.8}% 69
\BOOKMARK [3][-]{subsubsection.2.1.8.3}{\376\377\000M\000e\000t\000o\000d\000o\000l\000o\000g\000\355\000a\000\040\000e\000m\000p\000l\000e\000a\000d\000a\000\040\000p\000o\000r\000\040\000l\000o\000s\000\040\000a\000u\000t\000o\000r\000e\000s}{subsection.2.1.8}% 70
\BOOKMARK [3][-]{subsubsection.2.1.8.4}{\376\377\000B\000a\000s\000e\000\040\000d\000e\000\040\000d\000a\000t\000o\000s}{subsection.2.1.8}% 71
\BOOKMARK [3][-]{subsubsection.2.1.8.5}{\376\377\000R\000e\000s\000u\000l\000t\000a\000d\000o\000s\000\040\000o\000b\000t\000e\000n\000i\000d\000o\000s}{subsection.2.1.8}% 72
\BOOKMARK [2][-]{subsection.2.1.9}{\376\377\000F\000a\000k\000e\000S\000o\000u\000n\000d\000:\000\040\000D\000e\000e\000p\000f\000a\000k\000e\000\040\000G\000e\000n\000e\000r\000a\000l\000\040\000A\000u\000d\000i\000o\000\040\000D\000e\000t\000e\000c\000t\000i\000o\000n\000\040\000*\000x\000i\000e\0002\0000\0002\0004\000f\000a\000k\000e\000s\000o\000u\000n\000d}{section.2.1}% 73
\BOOKMARK [3][-]{subsubsection.2.1.9.1}{\376\377\000P\000l\000a\000n\000t\000e\000a\000m\000i\000e\000n\000t\000o\000\040\000d\000e\000l\000\040\000P\000r\000o\000b\000l\000e\000m\000a\000\040\000y\000\040\000o\000b\000j\000e\000t\000i\000v\000o\000\040}{subsection.2.1.9}% 74
\BOOKMARK [3][-]{subsubsection.2.1.9.2}{\376\377\000T\000\351\000c\000n\000i\000c\000a\000s\000\040\000e\000m\000p\000l\000e\000a\000d\000a\000s\000\040\000p\000o\000r\000\040\000l\000o\000s\000\040\000a\000u\000t\000o\000r\000e\000s}{subsection.2.1.9}% 75
\BOOKMARK [3][-]{subsubsection.2.1.9.3}{\376\377\000M\000e\000t\000o\000d\000o\000l\000o\000g\000\355\000a\000\040\000e\000m\000p\000l\000e\000a\000d\000a\000\040\000p\000o\000r\000\040\000l\000o\000s\000\040\000a\000u\000t\000o\000r\000e\000s}{subsection.2.1.9}% 76
\BOOKMARK [3][-]{subsubsection.2.1.9.4}{\376\377\000B\000a\000s\000e\000\040\000d\000e\000\040\000d\000a\000t\000o\000s}{subsection.2.1.9}% 77
\BOOKMARK [3][-]{subsubsection.2.1.9.5}{\376\377\000R\000e\000s\000u\000l\000t\000a\000d\000o\000s\000\040\000o\000b\000t\000e\000n\000i\000d\000o\000s}{subsection.2.1.9}% 78
\BOOKMARK [2][-]{subsection.2.1.10}{\376\377\000T\000a\000r\000g\000e\000t\000e\000d\000\040\000A\000u\000g\000m\000e\000n\000t\000e\000d\000\040\000D\000a\000t\000a\000\040\000f\000o\000r\000\040\000A\000u\000d\000i\000o\000\040\000D\000e\000e\000p\000f\000a\000k\000e\000\040\000D\000e\000t\000e\000c\000t\000i\000o\000n\000\040\000*\000a\000s\000t\000r\000i\000d\0002\0000\0002\0004\000a\000u\000g\000m\000e\000n\000t\000a\000t\000i\000o\000n}{section.2.1}% 79
\BOOKMARK [3][-]{subsubsection.2.1.10.1}{\376\377\000P\000l\000a\000n\000t\000e\000a\000m\000i\000e\000n\000t\000o\000\040\000d\000e\000l\000\040\000P\000r\000o\000b\000l\000e\000m\000a\000\040\000y\000\040\000o\000b\000j\000e\000t\000i\000v\000o\000\040}{subsection.2.1.10}% 80
\BOOKMARK [3][-]{subsubsection.2.1.10.2}{\376\377\000T\000\351\000c\000n\000i\000c\000a\000s\000\040\000e\000m\000p\000l\000e\000a\000d\000a\000s\000\040\000p\000o\000r\000\040\000l\000o\000s\000\040\000a\000u\000t\000o\000r\000e\000s}{subsection.2.1.10}% 81
\BOOKMARK [3][-]{subsubsection.2.1.10.3}{\376\377\000M\000e\000t\000o\000d\000o\000l\000o\000g\000\355\000a\000\040\000e\000m\000p\000l\000e\000a\000d\000a\000\040\000p\000o\000r\000\040\000l\000o\000s\000\040\000a\000u\000t\000o\000r\000e\000s}{subsection.2.1.10}% 82
\BOOKMARK [3][-]{subsubsection.2.1.10.4}{\376\377\000B\000a\000s\000e\000\040\000d\000e\000\040\000d\000a\000t\000o\000s}{subsection.2.1.10}% 83
\BOOKMARK [3][-]{subsubsection.2.1.10.5}{\376\377\000R\000e\000s\000u\000l\000t\000a\000d\000o\000s\000\040\000o\000b\000t\000e\000n\000i\000d\000o\000s}{subsection.2.1.10}% 84
\BOOKMARK [1][-]{section.2.2}{\376\377\000M\000a\000r\000c\000o\000\040\000T\000e\000\363\000r\000i\000c\000o}{chapter.2}% 85
\BOOKMARK [2][-]{subsection.2.2.1}{\376\377\000I\000n\000t\000r\000o\000d\000u\000c\000c\000i\000\363\000n\000\040\000a\000l\000\040\000D\000e\000e\000p\000f\000a\000k\000e\000\040\000d\000e\000\040\000A\000u\000d\000i\000o}{section.2.2}% 86
\BOOKMARK [2][-]{subsection.2.2.2}{\376\377\000T\000e\000o\000r\000\355\000a\000\040\000y\000\040\000F\000u\000n\000d\000a\000m\000e\000n\000t\000o\000s\000\040\000e\000n\000\040\000A\000n\000\341\000l\000i\000s\000i\000s\000\040\000d\000e\000\040\000V\000o\000z}{section.2.2}% 87
\BOOKMARK [2][-]{subsection.2.2.3}{\376\377\000T\000e\000o\000r\000\355\000a\000\040\000y\000\040\000F\000u\000n\000d\000a\000m\000e\000n\000t\000o\000s\000\040\000e\000n\000\040\000A\000n\000\341\000l\000i\000s\000i\000s\000\040\000d\000e\000\040\000V\000o\000z}{section.2.2}% 88
\BOOKMARK [2][-]{subsection.2.2.4}{\376\377\000E\000s\000t\000u\000d\000i\000o\000s\000\040\000P\000r\000e\000v\000i\000o\000s\000\040\000e\000n\000\040\000D\000e\000t\000e\000c\000c\000i\000\363\000n\000\040\000d\000e\000\040\000D\000e\000e\000p\000f\000a\000k\000e\000s}{section.2.2}% 89
\BOOKMARK [2][-]{subsection.2.2.5}{\376\377\000D\000e\000s\000a\000f\000\355\000o\000s\000\040\000y\000\040\000L\000i\000m\000i\000t\000a\000c\000i\000o\000n\000e\000s\000\040\000e\000n\000\040\000l\000a\000\040\000D\000e\000t\000e\000c\000c\000i\000\363\000n\000\040\000d\000e\000\040\000D\000e\000e\000p\000f\000a\000k\000e\000s\000\040\000d\000e\000\040\000A\000u\000d\000i\000o}{section.2.2}% 90
\BOOKMARK [1][-]{section.2.3}{\376\377\000M\000a\000r\000c\000o\000\040\000C\000o\000n\000c\000e\000p\000t\000u\000a\000l}{chapter.2}% 91
\BOOKMARK [2][-]{subsection.2.3.1}{\376\377\000I\000n\000t\000e\000l\000i\000g\000e\000n\000c\000i\000a\000\040\000A\000r\000t\000i\000f\000i\000c\000i\000a\000l\000\040\000\050\000I\000A\000\051\000\040\000y\000\040\000A\000p\000r\000e\000n\000d\000i\000z\000a\000j\000e\000\040\000P\000r\000o\000f\000u\000n\000d\000o}{section.2.3}% 92
\BOOKMARK [2][-]{subsection.2.3.2}{\376\377\000P\000r\000o\000c\000e\000s\000a\000m\000i\000e\000n\000t\000o\000\040\000d\000e\000\040\000L\000e\000n\000g\000u\000a\000j\000e\000\040\000N\000a\000t\000u\000r\000a\000l\000\040\000\050\000P\000L\000N\000\051\000\040\000y\000\040\000P\000r\000o\000c\000e\000s\000a\000m\000i\000e\000n\000t\000o\000\040\000d\000e\000\040\000S\000e\000\361\000a\000l\000e\000s\000\040\000d\000e\000\040\000V\000o\000z}{section.2.3}% 93
\BOOKMARK [2][-]{subsection.2.3.3}{\376\377\000D\000e\000e\000p\000f\000a\000k\000e\000s\000\040\000d\000e\000\040\000A\000u\000d\000i\000o}{section.2.3}% 94
\BOOKMARK [2][-]{subsection.2.3.4}{\376\377\000V\000a\000r\000i\000a\000b\000l\000e\000s\000\040\000d\000e\000\040\000E\000s\000t\000u\000d\000i\000o\000\040\000p\000a\000r\000a\000\040\000l\000a\000\040\000D\000e\000t\000e\000c\000c\000i\000\363\000n\000\040\000d\000e\000\040\000D\000e\000e\000p\000f\000a\000k\000e\000s\000\040\000e\000n\000\040\000A\000u\000d\000i\000o}{section.2.3}% 95
\BOOKMARK [3][-]{subsubsection.2.3.4.1}{\376\377\000T\000o\000n\000o\000\040\000d\000e\000\040\000V\000o\000z\000\040\000\050\000P\000i\000t\000c\000h\000\051}{subsection.2.3.4}% 96
\BOOKMARK [3][-]{subsubsection.2.3.4.2}{\376\377\000T\000i\000m\000b\000r\000e\000\040\000d\000e\000\040\000V\000o\000z}{subsection.2.3.4}% 97
\BOOKMARK [3][-]{subsubsection.2.3.4.3}{\376\377\000D\000u\000r\000a\000c\000i\000\363\000n\000\040\000y\000\040\000R\000i\000t\000m\000o\000\040\000d\000e\000l\000\040\000H\000a\000b\000l\000a}{subsection.2.3.4}% 98
\BOOKMARK [3][-]{subsubsection.2.3.4.4}{\376\377\000M\000e\000l\000-\000S\000p\000e\000c\000t\000r\000o\000g\000r\000a\000m\000a}{subsection.2.3.4}% 99
\BOOKMARK [3][-]{subsubsection.2.3.4.5}{\376\377\000P\000r\000o\000s\000o\000d\000i\000a\000\040\000\050\000E\000n\000t\000o\000n\000a\000c\000i\000\363\000n\000\040\000y\000\040\000\311\000n\000f\000a\000s\000i\000s\000\051}{subsection.2.3.4}% 100
\BOOKMARK [3][-]{subsubsection.2.3.4.6}{\376\377\000A\000r\000t\000i\000c\000u\000l\000a\000c\000i\000\363\000n\000\040\000y\000\040\000T\000r\000a\000n\000s\000i\000c\000i\000o\000n\000e\000s\000\040\000e\000n\000t\000r\000e\000\040\000F\000o\000n\000e\000m\000a\000s}{subsection.2.3.4}% 101
\BOOKMARK [0][-]{chapter.3}{\376\377\000M\000E\000T\000O\000D\000O\000L\000O\000G\000\315\000A\000\040\000D\000E\000\040\000L\000A\000\040\000I\000N\000V\000E\000S\000T\000I\000G\000A\000C\000I\000\323\000N}{}% 102
\BOOKMARK [1][-]{section.3.1}{\376\377\000D\000i\000s\000e\000\361\000o\000\040\000d\000e\000\040\000l\000a\000\040\000i\000n\000v\000e\000s\000t\000i\000g\000a\000c\000i\000\363\000n}{chapter.3}% 103
\BOOKMARK [2][-]{subsection.3.1.1}{\376\377\000E\000n\000f\000o\000q\000u\000e\000\040\000d\000e\000\040\000l\000a\000\040\000i\000n\000v\000e\000s\000t\000i\000g\000a\000c\000i\000\363\000n}{section.3.1}% 104
\BOOKMARK [2][-]{subsection.3.1.2}{\376\377\000A\000l\000c\000a\000n\000c\000e\000\040\000d\000e\000\040\000l\000a\000\040\000i\000n\000v\000e\000s\000t\000i\000g\000a\000c\000i\000\363\000n\000:}{section.3.1}% 105
\BOOKMARK [2][-]{subsection.3.1.3}{\376\377\000D\000i\000s\000e\000\361\000o\000\040\000d\000e\000\040\000l\000a\000\040\000i\000n\000v\000e\000s\000t\000i\000g\000a\000c\000i\000\363\000n\000:}{section.3.1}% 106
\BOOKMARK [1][-]{section.3.2}{\376\377\000P\000o\000b\000l\000a\000c\000i\000\363\000n\000\040\000y\000\040\000m\000u\000e\000s\000t\000r\000a}{chapter.3}% 107
\BOOKMARK [1][-]{section.3.3}{\376\377\000O\000p\000e\000r\000a\000c\000i\000o\000n\000a\000l\000i\000z\000a\000c\000i\000\363\000n\000\040\000d\000e\000\040\000V\000a\000r\000i\000a\000b\000l\000e\000s}{chapter.3}% 108
\BOOKMARK [2][-]{subsection.3.3.1}{\376\377\000V\000a\000r\000i\000a\000b\000l\000e\000\040\000d\000e\000p\000e\000n\000d\000i\000e\000n\000t\000e}{section.3.3}% 109
\BOOKMARK [3][-]{subsubsection.3.3.1.1}{\376\377\000D\000e\000t\000e\000c\000c\000i\000\363\000n\000\040\000d\000e\000\040\000a\000u\000d\000i\000o\000\040\000d\000e\000e\000p\000f\000a\000k\000e}{subsection.3.3.1}% 110
\BOOKMARK [2][-]{subsection.3.3.2}{\376\377\000V\000a\000r\000i\000a\000b\000l\000e\000s\000\040\000i\000n\000d\000e\000p\000e\000n\000d\000i\000e\000n\000t\000e\000s}{section.3.3}% 111
\BOOKMARK [3][-]{subsubsection.3.3.2.1}{\376\377\000P\000a\000t\000r\000o\000n\000e\000s\000\040\000d\000e\000\040\000v\000o\000z}{subsection.3.3.2}% 112
\BOOKMARK [3][-]{subsubsection.3.3.2.2}{\376\377\000F\000r\000e\000c\000u\000e\000n\000c\000i\000a\000\040\000f\000u\000n\000d\000a\000m\000e\000n\000t\000a\000l\000\040\000\050\000p\000i\000t\000c\000h\000\051}{subsection.3.3.2}% 113
\BOOKMARK [3][-]{subsubsection.3.3.2.3}{\376\377\000D\000u\000r\000a\000c\000i\000\363\000n\000\040\000y\000\040\000r\000i\000t\000m\000o\000\040\000d\000e\000l\000\040\000h\000a\000b\000l\000a}{subsection.3.3.2}% 114
\BOOKMARK [3][-]{subsubsection.3.3.2.4}{\376\377\000T\000o\000n\000o\000\040\000d\000e\000\040\000v\000o\000z}{subsection.3.3.2}% 115
\BOOKMARK [3][-]{subsubsection.3.3.2.5}{\376\377\000T\000i\000m\000b\000r\000e\000\040\000d\000e\000\040\000v\000o\000z}{subsection.3.3.2}% 116
\BOOKMARK [3][-]{subsubsection.3.3.2.6}{\376\377\000F\000o\000r\000m\000a\000n\000t\000e\000s}{subsection.3.3.2}% 117
\BOOKMARK [3][-]{subsubsection.3.3.2.7}{\376\377\000P\000r\000o\000s\000o\000d\000i\000a}{subsection.3.3.2}% 118
\BOOKMARK [3][-]{subsubsection.3.3.2.8}{\376\377\000A\000r\000t\000i\000c\000u\000l\000a\000c\000i\000\363\000n}{subsection.3.3.2}% 119
\BOOKMARK [3][-]{subsubsection.3.3.2.9}{\376\377\000T\000r\000a\000n\000s\000i\000c\000i\000o\000n\000e\000s\000\040\000e\000n\000t\000r\000e\000\040\000f\000o\000n\000e\000m\000a\000s}{subsection.3.3.2}% 120
\BOOKMARK [3][-]{subsubsection.3.3.2.10}{\376\377\000R\000u\000i\000d\000o\000\040\000d\000e\000\040\000f\000o\000n\000d\000o}{subsection.3.3.2}% 121
\BOOKMARK [1][-]{section.3.4}{\376\377\000T\000\351\000c\000n\000i\000c\000a\000s\000\040\000d\000e\000\040\000r\000e\000c\000o\000l\000e\000c\000c\000i\000\363\000n\000\040\000d\000e\000\040\000d\000a\000t\000o\000s}{chapter.3}% 122
\BOOKMARK [2][-]{subsection.3.4.1}{\376\377\000G\000r\000a\000b\000a\000c\000i\000o\000n\000e\000s\000\040\000D\000i\000r\000e\000c\000t\000a\000s\000\040\000d\000e\000\040\000V\000o\000z}{section.3.4}% 123
\BOOKMARK [3][-]{subsubsection.3.4.1.1}{\376\377\000P\000a\000r\000t\000i\000c\000i\000p\000a\000n\000t\000e\000s\000\040\000V\000o\000l\000u\000n\000t\000a\000r\000i\000o\000s}{subsection.3.4.1}% 124
\BOOKMARK [3][-]{subsubsection.3.4.1.2}{\376\377\000V\000a\000r\000i\000a\000c\000i\000\363\000n\000\040\000d\000e\000\040\000C\000o\000n\000d\000i\000c\000i\000o\000n\000e\000s\000\040\000d\000e\000\040\000G\000r\000a\000b\000a\000c\000i\000\363\000n}{subsection.3.4.1}% 125
\BOOKMARK [2][-]{subsection.3.4.2}{\376\377\000R\000e\000c\000o\000l\000e\000c\000c\000i\000\363\000n\000\040\000d\000e\000\040\000A\000u\000d\000i\000o\000s\000\040\000d\000e\000\040\000P\000l\000a\000t\000a\000f\000o\000r\000m\000a\000s\000\040\000d\000e\000\040\000C\000o\000m\000u\000n\000i\000c\000a\000c\000i\000\363\000n}{section.3.4}% 126
\BOOKMARK [3][-]{subsubsection.3.4.2.1}{\376\377\000R\000e\000d\000e\000s\000\040\000s\000o\000c\000i\000a\000l\000e\000s\000\040\000y\000\040\000p\000l\000a\000t\000a\000f\000o\000r\000m\000a\000s\000\040\000d\000e\000\040\000m\000e\000n\000s\000a\000j\000e\000r\000\355\000a}{subsection.3.4.2}% 127
\BOOKMARK [3][-]{subsubsection.3.4.2.2}{\376\377\000A\000u\000d\000i\000o\000s\000\040\000d\000e\000\040\000Y\000o\000u\000T\000u\000b\000e\000,\000\040\000P\000o\000d\000c\000a\000s\000t\000s\000\040\000u\000\040\000o\000t\000r\000a\000s\000\040\000p\000l\000a\000t\000a\000f\000o\000r\000m\000a\000s\000\040\000d\000e\000\040\000c\000r\000e\000a\000c\000i\000\363\000n\000\040\000d\000e\000\040\000c\000o\000n\000t\000e\000n\000i\000d\000o}{subsection.3.4.2}% 128
\BOOKMARK [2][-]{subsection.3.4.3}{\376\377\000G\000e\000n\000e\000r\000a\000c\000i\000\363\000n\000\040\000d\000e\000\040\000A\000u\000d\000i\000o\000\040\000D\000e\000e\000p\000f\000a\000k\000e}{section.3.4}% 129
\BOOKMARK [3][-]{subsubsection.3.4.3.1}{\376\377\000G\000e\000n\000e\000r\000a\000c\000i\000\363\000n\000\040\000c\000o\000n\000\040\000M\000o\000d\000e\000l\000o\000s\000\040\000T\000T\000S\000\040\000y\000\040\000d\000e\000\040\000C\000o\000n\000v\000e\000r\000s\000i\000\363\000n\000\040\000d\000e\000\040\000V\000o\000z}{subsection.3.4.3}% 130
\BOOKMARK [3][-]{subsubsection.3.4.3.2}{\376\377\000S\000i\000s\000t\000e\000m\000a\000s\000\040\000d\000e\000\040\000G\000e\000n\000e\000r\000a\000c\000i\000\363\000n\000\040\000B\000a\000s\000a\000d\000o\000s\000\040\000e\000n\000\040\000I\000A}{subsection.3.4.3}% 131
\BOOKMARK [1][-]{section.3.5}{\376\377\000T\000\351\000c\000n\000i\000c\000a\000s\000\040\000p\000a\000r\000a\000\040\000e\000l\000\040\000p\000r\000o\000c\000e\000s\000a\000m\000i\000e\000n\000t\000o\000\040\000y\000\040\000a\000n\000\341\000l\000i\000s\000i\000s\000\040\000d\000e\000\040\000l\000a\000\040\000i\000n\000f\000o\000r\000m\000a\000c\000i\000\363\000n}{chapter.3}% 132
\BOOKMARK [2][-]{subsection.3.5.1}{\376\377\000E\000x\000t\000r\000a\000c\000c\000i\000\363\000n\000\040\000d\000e\000\040\000C\000a\000r\000a\000c\000t\000e\000r\000\355\000s\000t\000i\000c\000a\000s\000\040\000A\000c\000\372\000s\000t\000i\000c\000a\000s}{section.3.5}% 133
\BOOKMARK [2][-]{subsection.3.5.2}{\376\377\000T\000r\000a\000n\000s\000f\000o\000r\000m\000a\000d\000a\000s\000\040\000y\000\040\000R\000e\000p\000r\000e\000s\000e\000n\000t\000a\000c\000i\000o\000n\000e\000s\000\040\000E\000s\000p\000e\000c\000t\000r\000a\000l\000e\000s}{section.3.5}% 134
\BOOKMARK [2][-]{subsection.3.5.3}{\376\377\000T\000\351\000c\000n\000i\000c\000a\000s\000\040\000d\000e\000\040\000A\000n\000\341\000l\000i\000s\000i\000s\000\040\000d\000e\000\040\000l\000a\000\040\000S\000e\000\361\000a\000l\000\040\000d\000e\000\040\000A\000u\000d\000i\000o}{section.3.5}% 135
\BOOKMARK [2][-]{subsection.3.5.4}{\376\377\000M\000o\000d\000e\000l\000o\000s\000\040\000d\000e\000\040\000M\000a\000c\000h\000i\000n\000e\000\040\000L\000e\000a\000r\000n\000i\000n\000g\000\040\000y\000\040\000D\000e\000e\000p\000\040\000L\000e\000a\000r\000n\000i\000n\000g}{section.3.5}% 136
\BOOKMARK [2][-]{subsection.3.5.5}{\376\377\000A\000l\000g\000o\000r\000i\000t\000m\000o\000s\000\040\000d\000e\000\040\000M\000a\000c\000h\000i\000n\000e\000\040\000L\000e\000a\000r\000n\000i\000n\000g\000\040\000T\000r\000a\000d\000i\000c\000i\000o\000n\000a\000l\000e\000s}{section.3.5}% 137
\BOOKMARK [2][-]{subsection.3.5.6}{\376\377\000T\000\351\000c\000n\000i\000c\000a\000s\000\040\000d\000e\000\040\000P\000r\000e\000p\000r\000o\000c\000e\000s\000a\000m\000i\000e\000n\000t\000o}{section.3.5}% 138
\BOOKMARK [1][-]{section.3.6}{\376\377\000C\000r\000o\000n\000o\000g\000r\000a\000m\000a\000\040\000d\000e\000\040\000a\000c\000t\000i\000v\000i\000d\000a\000d\000e\000s\000\040\000y\000\040\000p\000r\000e\000s\000u\000p\000u\000e\000s\000t\000o}{chapter.3}% 139
\BOOKMARK [0][-]{section*.5}{\376\377\000A\000n\000e\000x\000o\000s}{}% 140
\BOOKMARK [0][-]{appendix.Alph1}{\376\377\000A\000n\000e\000x\000o\000\040\000I\000:\000\040\000M\000a\000t\000r\000i\000z\000\040\000d\000e\000\040\000C\000o\000n\000s\000i\000s\000t\000e\000n\000c\000i\000a}{}% 141
\BOOKMARK [0][-]{appendix.Alph2}{\376\377\000A\000n\000e\000x\000o\000\040\000I\000I\000:\000\040\000R\000e\000s\000u\000m\000e\000n\000\040\000d\000e\000\040\000P\000a\000p\000e\000r\000s\000\040\000i\000n\000v\000e\000s\000t\000i\000g\000a\000d\000o\000s}{}% 142
